1718121729.4953566,-0.01397162675857544
1718121730.4154325,-0.014692157506942749
1718121731.2329621,-0.014519542455673218
1718121732.08966,-0.015954434871673584
1718121732.8607357,-0.01403045654296875
1718121733.6765893,-0.017912626266479492
1718121734.482868,-0.018144279718399048
1718121735.388737,-0.015804320573806763
1718121736.2835515,-0.01876610517501831
1718121737.2603805,-0.013761550188064575
1718121738.160954,-0.014656513929367065
1718121739.0759346,-0.015530794858932495
1718121739.8995082,-0.012083202600479126
1718121740.724822,-0.015989571809768677
1718121741.5943549,-0.016605615615844727
1718121742.4776645,-0.01642429828643799
1718121743.2885838,-0.015854686498641968
1718121744.0911703,-0.0177382230758667
1718121744.942201,-0.016276895999908447
1718121745.8169959,-0.019025593996047974
1718121746.6525507,-0.013661086559295654
1718121747.5912862,-0.015121638774871826
1718121748.3753908,-0.016766250133514404
1718121749.322773,-0.016168415546417236
1718121750.2101326,-0.015682458877563477
1718121751.0726414,-0.013742387294769287
1718121751.888927,-0.016339004039764404
1718121752.8197515,-0.015596628189086914
1718121753.7251875,-0.011980712413787842
1718121754.6700063,-0.009515166282653809
1718121755.778454,-0.016317009925842285
1718121756.718124,-0.016071796417236328
1718121757.6036582,-0.015708208084106445
1718121758.5408297,-0.01683366298675537
1718121759.4433358,-0.013856589794158936
1718121760.3437326,-0.014438748359680176
1718121761.236533,-0.014863789081573486
1718121762.3298035,-0.013924777507781982
1718121763.1961894,-0.012372314929962158
1718121764.0642748,-0.01308739185333252
1718121764.91729,-0.01302868127822876
1718121765.9277196,-0.017335236072540283
1718121769.9903197,-0.016178816556930542
1718121771.035257,-0.01201552152633667
1718121772.0964277,-0.014314115047454834
1718121773.0240996,-0.017166078090667725
1718121773.9190457,-0.0154799222946167
1718121774.8228154,-0.01691192388534546
1718121775.6972024,-0.014516115188598633
1718121776.6152096,-0.016441702842712402
1718121777.5107086,-0.014957427978515625
1718121778.4051368,-0.014110088348388672
1718121779.3237073,-0.01358640193939209
1718121780.430858,-0.01496976613998413
1718121781.380885,-0.016106069087982178
1718121782.3112078,-0.016650855541229248
1718121783.2188668,-0.014160573482513428
1718121784.0563693,-0.014777421951293945
1718121784.859141,-0.015779107809066772
1718121785.6903105,-0.01512715220451355
1718121786.514695,-0.017783403396606445
1718121787.3325102,-0.013913899660110474
1718121788.2038307,-0.013443231582641602
1718121789.0659163,-0.014643549919128418
1718122259.792402,-0.013225853443145752
1718122260.6647058,-0.014470815658569336
1718122261.730111,-0.016937941312789917
1718122262.7207582,-0.015146106481552124
1718122263.5253565,-0.009398579597473145
1718122264.4189334,-0.01523977518081665
1718122265.2995262,-0.012362241744995117
1718122266.1037726,-0.014219969511032104
1718122267.0117924,-0.016796767711639404
1718122267.8786206,-0.014869660139083862
1718122268.705948,-0.014521926641464233
1718122269.5407743,-0.013916313648223877
1718122270.3756363,-0.012559890747070312
1718122271.300347,-0.015332847833633423
1718122272.148389,-0.014321655035018921
1718122272.9943693,-0.016406983137130737
1718122273.8576887,-0.015372216701507568
1718122274.7395256,-0.016537249088287354
1718122275.5101633,-0.01795804500579834
1718122276.5699177,-0.016408681869506836
1718122277.4381251,-0.013906598091125488
1718122278.343586,-0.01699298620223999
1718122279.2977717,-0.01717662811279297
1718122280.1663496,-0.017824769020080566
1718122281.3187027,-0.01642554998397827
1718122282.243049,-0.011082887649536133
1718122283.225757,-0.013305991888046265
1718122284.1456735,-0.011662900447845459
1718122284.9997957,-0.00886625051498413
1718122286.0079951,-0.015588462352752686
1718122287.0651414,-0.010849475860595703
1718122287.9685466,-0.011312901973724365
1718122288.7868643,-0.013415932655334473
1718122289.6002629,-0.013900816440582275
1718122290.5305812,-0.012214720249176025
1718122291.442831,-0.012104213237762451
1718122292.3442724,-0.01257389783859253
1718122293.2497537,-0.013830900192260742
1718122294.2123368,-0.0119515061378479
1718122295.0174196,-0.014845788478851318
1718122295.8224683,-0.016303956508636475
1718122296.739854,-0.01536870002746582
1718122297.6667686,-0.0150642991065979
1718122298.4887307,-0.011134028434753418
1718122299.3164575,-0.013704240322113037
1718122300.158851,-0.00709959864616394
1718122300.95293,-0.010198444128036499
1718122301.894468,-0.010088920593261719
1718122302.7099626,-0.013002663850784302
1718122303.5456588,-0.011862486600875854
1718122304.3602805,-0.011920541524887085
1718122305.2984722,-0.01161620020866394
1718122306.2334847,-0.010026782751083374
1718122307.1552384,-0.00818246603012085
1718122308.0878038,-0.014994829893112183
1718122308.9230552,-0.016296744346618652
1718122309.8781054,-0.016742974519729614
1718122310.8188043,-0.015965282917022705
1718122311.7186093,-0.015040099620819092
1718122312.7259102,-0.012655198574066162
1718122313.5410206,-0.015439838171005249
1718122314.5155003,-0.01505240797996521
1718122315.4277859,-0.017357289791107178
1718122316.3061619,-0.016521215438842773
1718122317.1577935,-0.013731986284255981
1718122318.0044398,-0.01467624306678772
1718122318.7988951,-0.013761430978775024
1718122319.616618,-0.015452861785888672
1718122320.4509783,-0.016281098127365112
1718122321.247067,-0.010312467813491821
1718122322.1984897,-0.016767382621765137
1718122323.0475924,-0.008468180894851685
1718122323.9269872,-0.016050279140472412
1718122325.2473166,-0.023190990090370178
1718122326.344423,-0.022918283939361572
1718122327.4328723,-0.020924091339111328
1718122328.3493865,-0.02013777196407318
1718122329.2500505,-0.02098938822746277
1718122330.1739466,-0.019272737205028534
1718122331.0636723,-0.017964914441108704
1718122332.1867332,-0.01545298844575882
1718122333.2951112,-0.019449502229690552
1718122334.184088,-0.016672547906637192
1718122335.3274388,-0.014979436993598938
1718122336.231403,-0.01946881413459778
1718122337.2680597,-0.018823161721229553
1718122338.3046913,-0.016595274209976196
1718122339.2238412,-0.018096402287483215
1718122340.2853355,-0.015141189098358154
1718122341.1537597,-0.014192774891853333
1718122342.073662,-0.013119757175445557
1718122342.9559739,-0.008913099765777588
1718122343.9201832,-0.015221282839775085
1718122344.872173,-0.014246940612792969
1718122345.695741,-0.016251161694526672
1718122346.7464325,-0.010414451360702515
1718122347.6387012,-0.012547791004180908
1718122348.611843,-0.011296212673187256
1718122349.5370073,-0.010400444269180298
1718122350.4156306,-0.012309223413467407
1718122351.3393643,-0.010538876056671143
1718122352.2614248,-0.009279578924179077
1718122353.2043638,-0.009287148714065552
1718122354.039754,-0.010824352502822876
1718122354.8930607,-0.011572778224945068
1718122355.8269155,-0.011676877737045288
1718122356.6706545,-0.010161936283111572
1718122357.5010307,-0.012275725603103638
1718122358.328255,-0.010464057326316833
1718122359.1652262,-0.011872366070747375
1718122360.0990405,-0.013226181268692017
1718122360.9745421,-0.017973601818084717
1718122361.9164329,-0.015155673027038574
1718122362.730011,-0.009635329246520996
1718122363.5995224,-0.015700533986091614
1718122364.4686344,-0.011007040739059448
1718122365.3109014,-0.012536540627479553
1718122366.165394,-0.009125962853431702
1718122367.0199609,-0.015559032559394836
1718122367.8574529,-0.013199403882026672
1718122368.7242713,-0.0141543447971344
1718122369.5934162,-0.014131695032119751
1718122370.4473734,-0.011896193027496338
1718122371.3365228,-0.015262961387634277
1718122372.1978555,-0.015486732125282288
1718122373.2550397,-0.021084457635879517
1718122669.20586,-0.018056273460388184
1718122670.1493032,-0.01689845323562622
1718122671.0770733,-0.01684325933456421
1718122672.0169659,-0.013708412647247314
1718122672.9205215,-0.015107154846191406
1718122673.8399575,-0.016016483306884766
1718122674.7707455,-0.01545262336730957
1718122675.6909213,-0.01645559072494507
1718122676.6907482,-0.01295366883277893
1718122677.5406785,-0.011498332023620605
1718122678.3574927,-0.012400895357131958
1718122679.1696665,-0.012050777673721313
1718122680.0228367,-0.012235760688781738
1718122680.8650334,-0.015235662460327148
1718122681.7341144,-0.015947163105010986
1718122682.5503774,-0.014585107564926147
1718122683.365249,-0.011115878820419312
1718122684.2162442,-0.012294471263885498
1718122685.1039026,-0.012740641832351685
1718122686.0438786,-0.011666864156723022
1718122687.0769722,-0.013616859912872314
1718122688.0432763,-0.015103459358215332
1718122688.8502164,-0.014798462390899658
1718122689.7084916,-0.014013230800628662
1718122690.5692434,-0.01391911506652832
1718122691.6986036,-0.016584932804107666
1718122692.63761,-0.015345275402069092
1718122693.502739,-0.015427768230438232
1718122694.4359179,-0.01688826084136963
1718122695.3318584,-0.015181660652160645
1718122696.2334828,-0.01666480302810669
1718122697.119612,-0.018168509006500244
1718122698.0245771,-0.017447829246520996
1718122698.9662273,-0.01646721363067627
1718122699.881087,-0.015609920024871826
1718122700.777508,-0.017880022525787354
1718122701.6912415,-0.017944514751434326
1718122702.585649,-0.016038060188293457
1718122703.4975696,-0.01405864953994751
1718122704.4299307,-0.015591323375701904
1718122705.3434803,-0.014646649360656738
1718122706.2850223,-0.018006861209869385
1718122707.4313846,-0.017093002796173096
1718122708.3567488,-0.01612699031829834
1718122709.5252893,-0.015682697296142578
1718122710.4763942,-0.011101007461547852
1718122711.4125497,-0.014081060886383057
1718122712.258352,-0.006914913654327393
1718122713.089231,-0.013311922550201416
1718122713.9960916,-0.016701877117156982
1718122714.8023643,-0.012402951717376709
1718122715.6938605,-0.014548540115356445
1718122716.5321927,-0.016814082860946655
1718122717.3629632,-0.01284337043762207
1718122718.1976528,-0.016213834285736084
1718122719.1718369,-0.013815104961395264
1718122720.2853205,-0.015249252319335938
1718122721.1819823,-0.01617562770843506
1718122722.0965848,-0.013994097709655762
1718122723.033611,-0.01279217004776001
1718122723.9088047,-0.013434529304504395
1718122724.8305986,-0.012814581394195557
1718122725.762959,-0.014741361141204834
1718122726.6929107,-0.016861677169799805
1718122727.6203425,-0.008705198764801025
1718122728.5358524,-0.016490936279296875
1718122729.4484725,-0.017300188541412354
1718122730.3612034,-0.0148162841796875
1718122731.2937984,-0.01555180549621582
1718122732.4352024,-0.016578495502471924
1718122733.3430927,-0.01985222101211548
1718122734.2490232,-0.01952040195465088
1718122735.187256,-0.017858237028121948
1718123058.9027336,-0.02050250768661499
1718123059.8333704,-0.020251750946044922
1718123060.7796218,-0.01849597692489624
1718123061.647077,-0.01371029019355774
1718123062.4897006,-0.018807977437973022
1718123063.2620783,-0.02047663927078247
1718123069.1699126,-0.01754024624824524
1718123070.0000544,-0.017019838094711304
1718123070.8026938,-0.0176754891872406
1718123071.6119204,-0.01849725842475891
1718123072.4907045,-0.019161462783813477
1718123073.313375,-0.019520550966262817
1718123074.1406338,-0.01687118411064148
1718123075.0108113,-0.02098792791366577
1718123075.8432238,-0.018572956323623657
1718123076.6916673,-0.01506856083869934
1718123077.5416422,-0.017408937215805054
1718123078.413715,-0.013791322708129883
1718123079.6232572,-0.013446390628814697
1718123080.5348787,-0.015028655529022217
1718123081.43621,-0.015225201845169067
1718123082.3289704,-0.0113430917263031
1718123083.3180022,-0.018337279558181763
1718123084.177131,-0.017539501190185547
1718123084.9973803,-0.01629638671875
1718123085.8562484,-0.015546858310699463
1718123086.659044,-0.011225879192352295
1718123087.5552158,-0.014203488826751709
1718123088.3625367,-0.01346433162689209
1718123089.2769675,-0.015212714672088623
1718123090.2118342,-0.01351475715637207
1718123091.047829,-0.015720784664154053
1718123091.879179,-0.017721474170684814
1718123092.7502382,-0.013978123664855957
1718123093.5998142,-0.014251619577407837
1718123094.4388597,-0.014649748802185059
1718123095.2870362,-0.019025415182113647
1718123096.1245174,-0.009194046258926392
1718123096.995528,-0.005273491144180298
1718123097.9770062,-0.016252458095550537
1718123098.8980112,-0.017869263887405396
1718123099.724979,-0.018169403076171875
1718123100.6114657,-0.019125282764434814
1718123112.5792243,-0.018848955631256104
1718123113.705713,-0.014315634965896606
1718123114.604543,-0.016148477792739868
1718123115.4491673,-0.013588488101959229
1718123116.3985379,-0.017106711864471436
1718123117.226686,-0.016668736934661865
1718123118.1176968,-0.01861518621444702
1718123118.962381,-0.019252657890319824
1718123119.773682,-0.019613981246948242
1718123120.671836,-0.016726255416870117
1718123121.6188083,-0.032301098108291626
1718123122.5676146,-0.03112107515335083
1718123123.4581006,-0.03330415487289429
1718123124.2917166,-0.034167081117630005
1718123125.1793275,-0.0316847562789917
1718123126.058098,-0.03322562575340271
1718123126.8806696,-0.028450429439544678
1718123127.7326958,-0.03082054853439331
1718123128.5288267,-0.032134681940078735
1718123129.3589945,-0.03174656629562378
1718123130.2457657,-0.024580180644989014
1718123131.1757643,-0.022576630115509033
1718123132.0438874,-0.022553712129592896
1718123132.9961317,-0.020497411489486694
1718123133.8428488,-0.01827271282672882
1718123134.6856463,-0.018562614917755127
1718123135.5724168,-0.023176640272140503
1718123136.3777075,-0.0258733332157135
1718123137.2528381,-0.02509532868862152
1718123138.590797,-0.013652801513671875
1718123143.3151896,-0.01315164566040039
1718123144.3135235,-0.015119850635528564
1718123145.2406137,-0.0201396644115448
1718123146.060998,-0.019561946392059326
1718123146.9039397,-0.022191613912582397
1718123147.9691558,-0.01621091365814209
1718123148.8533268,-0.016590893268585205
1718123149.7252388,-0.023615539073944092
1718123150.932355,-0.030044883489608765
1718123152.6482835,-0.01771225780248642
1718123153.781624,-0.02098977565765381
1718123154.9166675,-0.01819711923599243
1718123156.046716,-0.02032998949289322
1718123159.4949253,-0.017872869968414307
1718123160.5620906,-0.01400148868560791
1718123161.396511,-0.01860871911048889
1718123162.2606928,-0.016825079917907715
1718123163.1686769,-0.02467486262321472
1718123164.1863794,-0.022262923419475555
1718123165.5033019,-0.013725794851779938
1718123166.392098,-0.012408040463924408
1718123167.4952302,-0.01942788064479828
1718123168.5954168,-0.018968358635902405
1718123169.6035972,-0.013574659824371338
1718123170.4977033,-0.015299111604690552
1718123171.4164412,-0.014296621084213257
1718123172.2696686,-0.015090972185134888
1718123173.1552043,-0.014118775725364685
1718123173.974862,-0.013775408267974854
1718123174.814896,-0.013938084244728088
1718123175.621868,-0.011879324913024902
1718123176.5275073,-0.013713032007217407
1718123177.3733835,-0.008133083581924438
1718123178.2142735,-0.014393612742424011
1718123179.2376215,-0.012037783861160278
1718123180.33114,-0.009448051452636719
1718123181.2522821,-0.009689554572105408
1718123182.131621,-0.007287472486495972
1718123182.9975436,-0.012516960501670837
1718123183.9594269,-0.014429748058319092
1718123184.8750093,-0.013321951031684875
1718123185.8154776,-0.01015615463256836
1718123186.919172,-0.01356920599937439
1718123187.7390683,-0.017246782779693604
1718123188.6461463,-0.01968500018119812
1718123194.6438048,-0.02312147617340088
1718123195.635428,-0.015057742595672607
1718123196.4649997,-0.01615959405899048
1718123197.2881792,-0.014930903911590576
1718123198.138979,-0.01657503843307495
1718123198.977782,-0.0182650089263916
1718123199.9301727,-0.015384525060653687
1718123200.7393935,-0.01667189598083496
1718123201.550494,-0.01603025197982788
1718123202.4981878,-0.012364611029624939
1718123203.388246,-0.01334524154663086
1718123204.2780907,-0.013803362846374512
1718123205.2002926,-0.011755377054214478
1718123206.0866635,-0.013203263282775879
1718123206.9663923,-0.00929202139377594
1718123207.8661864,-0.010634273290634155
1718123208.7604935,-0.010594770312309265
1718123209.6590812,-0.011105597019195557
1718123210.7045755,-0.013928622007369995
1718123211.5552027,-0.012827813625335693
1718123212.404351,-0.015973657369613647
1718123213.3006854,-0.013465076684951782
1718123214.1385472,-0.01357722282409668
1718123214.9472065,-0.015791594982147217
1718123215.7821653,-0.013925224542617798
1718123216.6583667,-0.016301393508911133
1718123217.7931218,-0.015930354595184326
1718123218.8845923,-0.01711660623550415
1718123219.7667143,-0.014483213424682617
1718123220.652686,-0.017155766487121582
1718123221.555858,-0.015045583248138428
1718123222.676996,-0.014529943466186523
1718123223.766891,-0.015303552150726318
1718123224.7159512,-0.012680411338806152
1718123225.6786685,-0.013153910636901855
1718123226.7389312,-0.02142617106437683
1718123227.749727,-0.02597731351852417
1718123228.8200998,-0.02224910259246826
1718123229.724573,-0.02165663242340088
1718123230.5966768,-0.020509421825408936
1718123231.5719638,-0.025877565145492554
1718123232.4127493,-0.025212764739990234
1718123233.2536824,-0.027942180633544922
1718123234.282088,-0.02261662483215332
1718123235.435419,-0.023144841194152832
1718123236.322588,-0.025109022855758667
1718123237.2109592,-0.02575165033340454
1718123238.1115978,-0.023807048797607422
1718123239.0116713,-0.025682032108306885
1718123239.9451644,-0.026980966329574585
1718123240.889238,-0.02613428235054016
1718123241.8176217,-0.021365225315093994
1718123242.7111528,-0.024119317531585693
1718123243.606603,-0.025463104248046875
1718123244.5403116,-0.023363322019577026
1718123245.4299846,-0.025538086891174316
1718123246.3109984,-0.026677638292312622
1718123247.4240925,-0.02219751477241516
1718123248.3500504,-0.01985129714012146
1718123696.5712883,-0.017409980297088623
1718123697.4930363,-0.01744931936264038
1718123698.2782261,-0.01759159564971924
1718123699.0694225,-0.009750962257385254
1718123699.9046574,-0.015624284744262695
1718123700.6642203,-0.015538215637207031
1718123701.4924939,-0.006914317607879639
1718123702.260598,-0.014350652694702148
1718123703.0574443,-0.01975458860397339
1718123703.886968,-0.014332592487335205
1718123704.7910962,-0.011604994535446167
1718123705.6349618,-0.013914048671722412
1718123706.5118976,-0.015609443187713623
1718123707.398123,-0.014992117881774902
1718123708.2428484,-0.013471603393554688
1718123709.123626,-0.01591956615447998
1718123710.1347039,-0.012759208679199219
1718123711.1024957,-0.01686406135559082
1718123711.8751774,-0.01351851224899292
1718123712.821078,-0.016354084014892578
1718123713.6218705,-0.01724463701248169
1718123714.4704528,-0.015583992004394531
1718123715.353643,-0.014666974544525146
1718123716.2059195,-0.014690697193145752
1718123716.9695473,-0.015038251876831055
1718123717.8458662,-0.01340484619140625
1718123718.6172197,-0.01458275318145752
1718123719.6397266,-0.014309406280517578
1718123720.4870062,-0.01494753360748291
1718123721.32779,-0.014087975025177002
1718123722.203186,-0.014536023139953613
1718123723.1682785,-0.01410740613937378
1718123723.975488,-0.014949709177017212
1718123724.8289676,-0.015205085277557373
1718123725.629503,-0.015259742736816406
1718123726.4046838,-0.01392480731010437
1718123727.3039918,-0.012556403875350952
1718123728.1191733,-0.013286173343658447
1718123728.9035647,-0.017365217208862305
1718123729.6857584,-0.01580524444580078
1718123730.6205947,-0.014853477478027344
1718123731.6553168,-0.014655202627182007
1718123732.5064101,-0.014045089483261108
1718123733.3742104,-0.013719350099563599
1718123734.25351,-0.012811243534088135
1718123736.6820416,-0.012449324131011963
1718123737.766386,-0.015571534633636475
1718123738.6497197,-0.016476452350616455
1718123739.503814,-0.01797938346862793
1718123740.2991278,-0.016540110111236572
1718123741.0725727,-0.018227189779281616
1718123741.87167,-0.017516404390335083
1718123742.6738148,-0.016847699880599976
1718123743.4547617,-0.015184074640274048
1718123744.2519329,-0.017646819353103638
1718123745.0411084,-0.017888396978378296
1718123745.845163,-0.017889738082885742
1718123746.7698972,-0.019056588411331177
1718123747.554934,-0.016521036624908447
1718123748.3860137,-0.019364476203918457
1718123749.19141,-0.01907247304916382
1718123750.0032938,-0.01901605725288391
1718123750.8213441,-0.01629653573036194
1718123751.592752,-0.017877787351608276
1718123752.391073,-0.014451831579208374
1718123753.2806468,-0.010419845581054688
1718123754.1253028,-0.013750940561294556
1718123755.0342317,-0.015512257814407349
1718123755.8119383,-0.013966381549835205
1718123756.5923338,-0.016002774238586426
1718123757.5075815,-0.014241933822631836
1718123758.2840545,-0.015619814395904541
1718123759.0741751,-0.015396058559417725
1718123759.870517,-0.018191993236541748
1718123763.076208,-0.019870996475219727
1718123764.08822,-0.022586047649383545
1718123764.9470565,-0.022442936897277832
1718123765.8328927,-0.022280454635620117
1718123785.701046,-0.025080382823944092
1718123786.7994692,-0.02146625518798828
1718123787.6663404,-0.020717322826385498
1718123788.5599341,-0.02382802963256836
1718123789.414934,-0.021301090717315674
1718123790.316547,-0.019739508628845215
1718123791.178941,-0.02101302146911621
1718123792.0523157,-0.023062169551849365
1718123792.9186788,-0.02061748504638672
1718124561.5746658,-0.015443205833435059
1718124562.4865339,-0.016493916511535645
1718124563.2997944,-0.013990163803100586
1718124564.1161685,-0.017016738653182983
1718124564.9239016,-0.01576310396194458
1718124565.7160933,-0.015363067388534546
1718124566.4719787,-0.015903562307357788
1718124567.418574,-0.014787077903747559
1718124568.305115,-0.0162389874458313
1718124569.1469967,-0.017067253589630127
1718124570.0454872,-0.014677822589874268
1718124570.958221,-0.013715803623199463
1718124571.765059,-0.017210066318511963
1718124572.5295978,-0.012576639652252197
1718124573.2940383,-0.01644960045814514
1718124574.091509,-0.014915913343429565
1718124574.9057505,-0.017382681369781494
1718124575.7400475,-0.01736655831336975
1718124576.525955,-0.019148945808410645
1718124577.391574,-0.017749786376953125
1718124578.2854722,-0.01912248134613037
1718124579.1986916,-0.020314127206802368
1718124579.9956663,-0.018486201763153076
1718124580.7630732,-0.01558193564414978
1718124581.5426912,-0.018492043018341064
1718124582.3636572,-0.016577482223510742
1718124583.1399465,-0.016074657440185547
1718124584.0508935,-0.017802715301513672
1718124584.8702931,-0.01653146743774414
1718124585.685844,-0.015460103750228882
1718124586.4856758,-0.017667800188064575
1718124587.2853699,-0.015312612056732178
1718124588.0841036,-0.016542792320251465
1718124588.8555489,-0.01710498332977295
1718124589.6614616,-0.016403138637542725
1718124590.4666436,-0.017701148986816406
1718124591.3636777,-0.016796529293060303
1718124592.2505708,-0.01763308048248291
1718124593.0149553,-0.017510324716567993
1718124593.8082416,-0.020417511463165283
1718124594.6078837,-0.014818072319030762
1718124595.411402,-0.01249319314956665
1718124596.3988564,-0.014739841222763062
1718124597.265259,-0.010983556509017944
1718124598.3032389,-0.012400180101394653
1718124599.365563,-0.011881321668624878
1718124600.21823,-0.009058356285095215
1718124601.2792137,-0.009471148252487183
1718124602.137121,-0.011129766702651978
1718124603.2160416,-0.014169126749038696
1718124604.1260705,-0.017759472131729126
1718124604.9751902,-0.017452627420425415
1718124605.7537072,-0.015568703413009644
1718124606.7320185,-0.012656986713409424
1718124607.806568,-0.010701417922973633
1718124608.8389106,-0.007508754730224609
1718124609.7518766,-0.007480800151824951
1718124610.631133,-0.012907087802886963
1718124611.4764745,-0.013534009456634521
1718124612.5621674,-0.01356920599937439
1718124613.363961,-0.015992939472198486
1718124614.2808945,-0.014457374811172485
1718124615.0732486,-0.009118050336837769
1718124615.8258326,-0.01940310001373291
1718125407.7091336,-0.0219992995262146
1718125408.6382048,-0.00830620527267456
1718125409.5800347,-0.015368878841400146
1718125413.3359797,-0.01655799150466919
1718125414.1352937,-0.018995046615600586
1718125414.8891726,-0.01904207468032837
1718125415.6805985,-0.01642298698425293
1718125416.476332,-0.014984875917434692
1718125417.2405243,-0.013761311769485474
1718125418.1824274,-0.01415407657623291
1718125419.0565712,-0.01542508602142334
1718125419.9336798,-0.017212092876434326
1718125420.8004131,-0.01787090301513672
1718125421.7458277,-0.016311943531036377
1718125422.5425866,-0.016939610242843628
1718125423.341805,-0.019105732440948486
1718125424.1268363,-0.019217699766159058
1718125425.072242,-0.015632599592208862
1718125426.139497,-0.009740382432937622
1718125427.2417457,-0.011555790901184082
1718125428.1538074,-0.011713653802871704
1718125429.0498295,-0.011503219604492188
1718125429.9241076,-0.011975020170211792
1718125430.774955,-0.012578338384628296
1718125431.651376,-0.012387692928314209
1718125432.7331312,-0.013065040111541748
1718125433.6182919,-0.014866530895233154
1718125434.689007,-0.010097920894622803
1718125435.5619266,-0.010569870471954346
1718125436.4563637,-0.012755721807479858
1718125437.348341,-0.011856704950332642
1718125438.2340896,-0.01619720458984375
1718125439.2298958,-0.016391664743423462
1718125440.0306952,-0.023362338542938232
1718125440.8177693,-0.01762765645980835
1718125441.5881913,-0.016816645860671997
1718125442.5541356,-0.01892954111099243
1718125443.4317718,-0.018268287181854248
1718125444.3294263,-0.012154817581176758
1718125445.4054945,-0.014750242233276367
1718125446.2906783,-0.017104506492614746
1718125447.302598,-0.017212986946105957
1718125448.2885065,-0.018543720245361328
1718125449.164989,-0.017613530158996582
1718125450.04411,-0.016683638095855713
1718125450.89751,-0.017916977405548096
1718125451.7129107,-0.01668870449066162
1718125452.6044917,-0.019101381301879883
1718125453.408283,-0.0157473087310791
1718125454.295392,-0.013758182525634766
1718125455.0747216,-0.01660984754562378
1718125455.950197,-0.01918470859527588
1718125456.7570224,-0.016453027725219727
1718125457.6469505,-0.01700681447982788
1718125458.5208113,-0.017315804958343506
1718125459.3193974,-0.016418397426605225
1718125460.1037664,-0.009424984455108643
1718125461.177098,-0.018794536590576172
1718125462.0842967,-0.017018914222717285
1718125462.9307742,-0.016192495822906494
1718125463.7519026,-0.0175020694732666
1718125470.358825,-0.015927910804748535
1718125471.1700222,-0.01210629940032959
1718125471.9706333,-0.014312922954559326
1718125472.7704034,-0.008874595165252686
1718125473.643021,-0.016184985637664795
1718125474.518187,-0.012021660804748535
1718125475.405585,-0.013796746730804443
1718125476.465641,-0.012919843196868896
1718125477.2734022,-0.010625481605529785
1718125478.2523367,-0.013547360897064209
1718125479.0435002,-0.015029191970825195
1718125479.8322003,-0.014882504940032959
1718125480.6369286,-0.010591447353363037
1718125481.4107358,-0.013496994972229004
1718125482.1982718,-0.0076847076416015625
1718125487.4374702,-0.013724207878112793
1718125488.413566,-0.012519478797912598
1718125489.493422,-0.013827621936798096
1718125490.374695,-0.013537287712097168
1718125491.2493563,-0.015748023986816406
1718125492.134691,-0.012387514114379883
1718125492.9871259,-0.012889742851257324
1718125494.057414,-0.016742944717407227
1718125494.9546528,-0.013588011264801025
1718125496.0318456,-0.0134962797164917
1718125496.8937047,-0.010950982570648193
1718125497.771191,-0.01023399829864502
1718125498.6568866,-0.009510636329650879
1718125499.7133858,-0.01392054557800293
1718125500.6280758,-0.01704561710357666
1718125501.5205064,-0.020054727792739868
1718125502.3766882,-0.02052965760231018
1718125503.2651522,-0.019671469926834106
1718125504.1577446,-0.018297553062438965
1718125505.065163,-0.019493162631988525
1718125505.9465792,-0.023677170276641846
1718125506.8488898,-0.022730708122253418
1718125507.7457302,-0.022341370582580566
1718125508.6582973,-0.02392786741256714
1718125509.5434234,-0.021502047777175903
1718125512.2269995,-0.023818671703338623
1718125597.7828372,-0.019366919994354248
1718125598.7998374,-0.017968863248825073
1718125599.6506746,-0.016219019889831543
1718125600.4288552,-0.008889585733413696
1718125601.3096657,-0.01494818925857544
1718125602.110991,-0.016625702381134033
1718125602.905632,-0.013028502464294434
1718125603.870515,-0.010186851024627686
1718125604.7535732,-0.013696014881134033
1718125605.6065524,-0.015148639678955078
1718125606.4553137,-0.016512632369995117
1718125607.3229835,-0.016156136989593506
1718125608.2052708,-0.01289588212966919
1718125609.065313,-0.009827852249145508
1718125609.9584796,-0.01153939962387085
1718125610.8299334,-0.009154438972473145
1718125611.8801107,-0.01590430736541748
1718125612.7698174,-0.017148137092590332
1718125613.649343,-0.01618194580078125
1718125614.5298145,-0.01683664321899414
1718125615.4637754,-0.017611265182495117
1718125616.3236573,-0.01780971884727478
1718125617.1201606,-0.016636043787002563
1718125617.928827,-0.01787567138671875
1718125618.7234457,-0.015793591737747192
1718125619.6760352,-0.01186603307723999
1718125620.7184207,-0.0164242684841156
1718125621.761471,-0.0097237229347229
1718125622.6482325,-0.016912192106246948
1718125623.6409552,-0.013830304145812988
1718125624.517473,-0.013426065444946289
1718125625.5494533,-0.009666025638580322
1718125626.4290574,-0.013636380434036255
1718125627.2978256,-0.011364459991455078
1718125628.3514519,-0.011261284351348877
1718125629.2329242,-0.016303300857543945
1718125630.2374148,-0.014788776636123657
1718125631.054406,-0.018997013568878174
1718125631.8523421,-0.01526901125907898
1718125632.6561344,-0.020275205373764038
1718125633.4333289,-0.01617458462715149
1718125634.2113168,-0.019164741039276123
1718125635.0294156,-0.020798414945602417
1718125635.8033864,-0.01899123191833496
1718125636.5994987,-0.0188329815864563
1718125637.4810967,-0.017859458923339844
1718125638.3232453,-0.0126570463180542
1718125639.178096,-0.015075206756591797
1718125639.9718804,-0.014889121055603027
1718125640.8656309,-0.015358686447143555
1718125641.735727,-0.01482468843460083
1718125642.829653,-0.021969974040985107
1718125643.7132068,-0.020729005336761475
1718125644.5824175,-0.021658778190612793
1718125645.484762,-0.02441459894180298
1718125646.3726637,-0.02070656418800354
1718125647.2221072,-0.020085692405700684
1718125950.5480232,-0.014099717140197754
1718125951.4183419,-0.0153428316116333
1718125952.3862083,-0.014305442571640015
1718125959.0381207,-0.015566438436508179
1718125959.8399472,-0.015552133321762085
1718125960.7877276,-0.011316955089569092
1718125961.669337,-0.012865215539932251
1718125962.6380308,-0.013396203517913818
1718125963.5137446,-0.01542520523071289
1718125964.388006,-0.015038013458251953
1718125965.275314,-0.016170978546142578
1718125966.180158,-0.01622408628463745
1718125967.221775,-0.0158422589302063
1718125968.0650191,-0.01409459114074707
1718125968.94196,-0.010881662368774414
1718125969.8118849,-0.012951493263244629
1718125970.6914744,-0.013276100158691406
1718125971.5980568,-0.013906002044677734
1718125972.5626044,-0.010225236415863037
1718125973.6540825,-0.008321553468704224
1718125974.550337,-0.006343334913253784
1718125975.5085032,-0.015110611915588379
1718125976.3561168,-0.009603291749954224
1718125977.2963233,-0.010996907949447632
1718125978.296616,-0.012457817792892456
1718125979.1468751,-0.011239200830459595
1718125980.1940532,-0.009598344564437866
1718125981.082485,-0.010404974222183228
1718125982.115849,-0.009585082530975342
1718125982.982838,-0.012275665998458862
1718125984.8356545,-0.008257538080215454
1718125985.8951209,-0.007976174354553223
1718125986.8838696,-0.008375704288482666
1718125987.773105,-0.009934335947036743
1718125988.8122761,-0.010794460773468018
1718125989.7518353,-0.01647278666496277
1718125990.5514843,-0.014440864324569702
1718125991.330657,-0.01659679412841797
1718125992.0924492,-0.01706075668334961
1718125992.935746,-0.016504257917404175
1718125993.8286371,-0.014514178037643433
1718125994.6218605,-0.011495798826217651
1718125995.426369,-0.014452517032623291
1718125996.3151555,-0.01309022307395935
1718125997.1995845,-0.012926727533340454
1718125998.2249641,-0.01838696002960205
1718125999.0383694,-0.018156349658966064
1718217034.0017035,-0.018400371074676514
1718217035.0063047,-0.018807440996170044
1718217035.8237555,-0.019660651683807373
1718217036.6191068,-0.018893182277679443
1718217037.378663,-0.017893165349960327
1718217038.1318958,-0.01827031373977661
1718217038.9990757,-0.019362717866897583
1718217039.8790243,-0.010970741510391235
1718217040.6338828,-0.013333112001419067
1718217041.4238348,-0.017461836338043213
1718217042.2129326,-0.014686793088912964
1718217171.0579774,-0.014159709215164185
1718217171.925902,-0.014881432056427002
1718217172.7292755,-0.013569861650466919
1718217173.4863045,-0.010551691055297852
1718217174.2710025,-0.016240805387496948
1718217175.0576425,-0.016401618719100952
1718217241.2740054,-0.01926243305206299
1718217242.1556516,-0.020550161600112915
1718217243.0674062,-0.0192263126373291
1718217243.924291,-0.01773303747177124
1718217244.7331893,-0.017584145069122314
1718217245.5237818,-0.018868625164031982
1718217246.362571,-0.021529585123062134
1718217247.2222195,-0.02242472767829895
1718217248.0663757,-0.0222872793674469
1718217249.0916815,-0.021303385496139526
1718217250.0517645,-0.015591323375701904
1718217250.9842038,-0.014882415533065796
1718217251.8515346,-0.013873666524887085
1718217252.714151,-0.011847645044326782
1718217253.5882428,-0.012765944004058838
1718217254.6418054,-0.01320582628250122
1718217255.5112934,-0.013026565313339233
1718217256.5495667,-0.008768439292907715
1718217257.472786,-0.011007755994796753
1718217258.432819,-0.0183601975440979
1718217259.2529614,-0.01829630136489868
1718217260.0288732,-0.01790490746498108
1718217260.8261404,-0.01616951823234558
1718217261.614646,-0.0160830020904541
1718217262.6736689,-0.012513548135757446
1718217263.5802314,-0.012728959321975708
1718217264.4665048,-0.012954115867614746
1718217265.3402333,-0.013298243284225464
1718217266.2158198,-0.008119702339172363
1718217267.0967696,-0.011630803346633911
1718217267.97017,-0.015974193811416626
1718217268.82608,-0.01618167757987976
1718217269.6009755,-0.017226576805114746
1718217270.527166,-0.020700603723526
1718217271.37002,-0.01800769567489624
1718217272.2238092,-0.014515221118927002
1718217273.0826728,-0.01725548505783081
1718217273.9622684,-0.0178697407245636
1718217274.8843765,-0.017707914113998413
1718217275.688464,-0.015133917331695557
1718217276.6517153,-0.016421258449554443
1718217277.5143826,-0.018838614225387573
1718217278.5277898,-0.016390204429626465
1718217279.40136,-0.01871955394744873
1718217281.3017554,-0.018672823905944824
1718217282.3323863,-0.01777207851409912
1718217285.2752883,-0.018788158893585205
1718217286.3310027,-0.019777655601501465
1718217287.1773868,-0.01767873764038086
1718217288.1743343,-0.018567144870758057
1718217289.0147715,-0.018716156482696533
1718217290.0235968,-0.01772373914718628
1718217290.8863378,-0.01698780059814453
1718217294.0972228,-0.01798802614212036
1718217294.9771774,-0.015645086765289307
1718217296.910142,-0.012528300285339355
1718217297.8227735,-0.013617932796478271
1718217298.5847573,-0.011685788631439209
1718217299.459578,-0.014102399349212646
1718217300.3093328,-0.01259845495223999
1718217301.1833355,-0.0138283371925354
1718217302.0656865,-0.01502084732055664
1718217302.9551704,-0.012624263763427734
1718217303.8333638,-0.01300954818725586
1718217304.6908793,-0.014701664447784424
1718217305.572942,-0.01322406530380249
1718217306.4434552,-0.014307498931884766
1718217307.30243,-0.014052987098693848
1718217308.1704264,-0.009960472583770752
1718217309.0413754,-0.009916365146636963
1718217309.8861659,-0.013043820858001709
1718217310.7806404,-0.012971282005310059
1718217311.8293278,-0.015935778617858887
1718217312.886449,-0.02064669132232666
1718217313.9497664,-0.02281510829925537
1718217314.829664,-0.02230095863342285
1718217315.7170024,-0.015162646770477295
1718217316.6272023,-0.021669745445251465
1718217317.4887044,-0.019354581832885742
1718217318.3503668,-0.017461299896240234
1718217319.220916,-0.020875871181488037
1718217320.0929677,-0.022657275199890137
1718217321.012211,-0.017530322074890137
1718217321.8763576,-0.01703205704689026
1718217322.7743895,-0.0155181884765625
1718217323.6476965,-0.012793004512786865
1718217324.7145598,-0.017504364252090454
1718217325.5624027,-0.019537627696990967
1718217326.426503,-0.01994144916534424
1718217327.2692997,-0.029871433973312378
1718217328.150819,-0.01406008005142212
1718217331.1606302,-0.031505510210990906
1718217332.0480485,-0.03030090034008026
1718217332.8563178,-0.020792901515960693
1718217333.6427178,-0.017261981964111328
1718217334.4494178,-0.01799333095550537
1718217335.221198,-0.012912064790725708
1718217336.1150851,-0.01596185564994812
1718217336.9866657,-0.011591464281082153
1718217337.8525171,-0.011251240968704224
1718217338.7153478,-0.009064257144927979
1718217339.5868452,-0.011786937713623047
1718217340.4647183,-0.010215580463409424
1718217341.234299,-0.0138397216796875
1718217342.08669,-0.011189103126525879
1718217342.9944146,-0.013141274452209473
1718217343.90209,-0.011384904384613037
1718217344.8120344,-0.012252748012542725
1718217345.7083757,-0.010004758834838867
1718217346.4931617,-0.01114913821220398
1718217347.3549173,-0.01229122281074524
1718217348.2069001,-0.011344969272613525
1718217349.0659347,-0.011136949062347412
1718217349.8753731,-0.01205715537071228
1718217350.7230031,-0.011515229940414429
1718217351.5260258,-0.011267632246017456
1718217352.3322384,-0.011967748403549194
1718217353.2053015,-0.01072150468826294
1718217354.097578,-0.012630850076675415
1718217354.9052582,-0.011743605136871338
1718217355.774382,-0.013099879026412964
1718217356.649642,-0.01457524299621582
1718217357.4230504,-0.01085728406906128
1718217358.2770884,-0.012922406196594238
1718217359.1269627,-0.011224061250686646
1718217360.0068283,-0.012446224689483643
1718217360.9154198,-0.011941969394683838
1718217361.8080409,-0.0125407874584198
1718217362.6927047,-0.01108330488204956
1718217363.5699964,-0.01331987977027893
1718217364.4386656,-0.01270642876625061
1718217365.229483,-0.011177986860275269
1718217366.126814,-0.01193392276763916
1718217367.028907,-0.01234939694404602
1718217367.8932097,-0.012567758560180664
1718217368.7542934,-0.010924369096755981
1718217369.6492062,-0.009066134691238403
1718217370.51651,-0.014448374509811401
1718217371.3971279,-0.009672552347183228
1718217372.2911274,-0.015213489532470703
1718217373.0557663,-0.014120697975158691
1718217373.9163942,-0.014804035425186157
1718217374.7788937,-0.016249120235443115
1718217375.670922,-0.013475358486175537
1718217376.5556724,-0.01388537883758545
1718217377.4114616,-0.01551327109336853
1718217378.2941282,-0.015383243560791016
1718217379.1512377,-0.019922524690628052
1718217379.926377,-0.02321535348892212
1718217380.776131,-0.020634829998016357
1718217381.6747742,-0.01844114065170288
1718217382.5207007,-0.021521717309951782
1718217383.3817732,-0.02372920513153076
1718217384.2447443,-0.022309839725494385
1718217385.11528,-0.022337645292282104
1718217385.969145,-0.020642191171646118
1718217386.8303347,-0.022536814212799072
1718217387.6913955,-0.02064761519432068
1718217388.5573153,-0.02454999089241028
1718217389.4066308,-0.02057710289955139
1718217390.2982829,-0.017805129289627075
1718217391.1591413,-0.020941466093063354
1718217392.0569916,-0.018848270177841187
1718217392.9322014,-0.021199464797973633
1718217393.8161292,-0.02177363634109497
1718217394.6742127,-0.021865636110305786
1718217395.4666693,-0.025066733360290527
1718217396.3511643,-0.019101768732070923
1718217397.200303,-0.02324250340461731
1718217398.0867305,-0.021048903465270996
1718217398.945724,-0.01748761534690857
1718217399.8041425,-0.01711636781692505
1718217400.688003,-0.007879644632339478
1718217401.4966125,-0.007943153381347656
1718217402.3017323,-0.008588999509811401
1718217403.3721793,-0.01519264280796051
1718217404.2344122,-0.017345920205116272
1718217405.0958092,-0.01593288779258728
1718217405.9672356,-0.01582282781600952
1718217407.0305223,-0.013076156377792358
1718217407.925401,-0.012620091438293457
1718217408.816899,-0.00943097472190857
1718217409.66811,-0.010071903467178345
1718217410.5435405,-0.013789236545562744
1718217411.419954,-0.013255655765533447
1718217412.4966762,-0.015587866306304932
1718217413.444748,-0.017908543348312378
1718217414.2231836,-0.018182620406150818
1718217415.098923,-0.01591050624847412
1718217415.9576187,-0.017930209636688232
1718217416.8318055,-0.017364084720611572
1718217417.691795,-0.017880097031593323
1718217418.4640672,-0.01900734007358551
1718217419.2762907,-0.02055118978023529
1718217420.1366231,-0.01744278520345688
1718217420.994324,-0.01569865643978119
1718217421.8515484,-0.017990440130233765
1718217422.748192,-0.017214305698871613
1718217423.7331069,-0.01841472089290619
1718217424.52193,-0.021092072129249573
1718217425.2917993,-0.0211353600025177
1718217426.1682825,-0.016930460929870605
1718217427.0657635,-0.020935311913490295
1718217427.9693544,-0.020567670464515686
1718217428.816586,-0.017081744968891144
1718217429.754813,-0.017894625663757324
1718217430.5310779,-0.01583409309387207
1718217431.3379188,-0.01570633053779602
1718217432.3010683,-0.011578120291233063
1718217433.180396,-0.015385061502456665
1718217434.068491,-0.011944375932216644
1718217434.9695222,-0.013983309268951416
1718217435.8201573,-0.013206139206886292
1718217436.6766396,-0.011205404996871948
1718217437.536733,-0.011897444725036621
1718217438.4072394,-0.00924171507358551
1718217439.2872097,-0.011625804007053375
1718217440.272533,-0.021021321415901184
1718217441.1498485,-0.02037772536277771
1718217442.0023513,-0.02332371473312378
1718217442.8609102,-0.020537137985229492
1718217443.7197948,-0.016346603631973267
1718217444.6062982,-0.021106451749801636
1718217445.4941497,-0.025154918432235718
1718217446.521577,-0.027305305004119873
1718217447.2827275,-0.019238173961639404
1718217448.1609833,-0.017099618911743164
1718217449.1736586,-0.0182456374168396
1718217450.0291638,-0.018616139888763428
1718217450.8715656,-0.02261441946029663
1718217451.7384608,-0.02482539415359497
1718217452.6036963,-0.02340877056121826
1718217453.4848888,-0.021694064140319824
1718217454.339734,-0.017819881439208984
1718217455.2095068,-0.020801842212677002
1718217456.091709,-0.018256843090057373
1718217456.9668922,-0.0195692777633667
1718217457.828206,-0.017037391662597656
1718217458.6747239,-0.015749335289001465
1718217459.7381628,-0.016686081886291504
1718217460.6139584,-0.018252432346343994
1718217461.4053645,-0.017221391201019287
1718217462.2817552,-0.020009636878967285
1718217463.1291184,-0.016803503036499023
1718217464.1123827,-0.023450791835784912
1718217465.13345,-0.021669387817382812
1718217468.5197263,-0.019612252712249756
1718217469.3586457,-0.018156588077545166
1718217471.4231534,-0.022357285022735596
1718217472.2774975,-0.019448041915893555
1718217473.1298537,-0.017045438289642334
1718217473.9976795,-0.014260292053222656
1718217475.6635323,-0.012319445610046387
1718217476.7117074,-0.017943501472473145
1718217477.802937,-0.016853928565979004
1718217478.5601192,-0.01012331247329712
1718217479.595709,-0.015121400356292725
1718217480.482067,-0.019412875175476074
1718217481.349317,-0.014774978160858154
1718217482.2526124,-0.015865325927734375
1718217483.2484813,-0.013641119003295898
1718217484.1246397,-0.01063448190689087
1718217484.982105,-0.01027873158454895
1718217486.0573003,-0.007404804229736328
1718217487.4893699,-0.005924046039581299
1718217488.7607887,-0.014117211103439331
1718217489.6856494,-0.008489519357681274
1718217490.7054093,-0.010111749172210693
1718217491.638683,-0.0105074942111969
1718217492.5499544,-0.012684047222137451
1718217493.389851,-0.010550230741500854
1718217494.4862638,-0.015772998332977295
1718217495.3658037,-0.01618039608001709
1718217496.2997613,-0.010903239250183105
1718217497.1698563,-0.014678537845611572
1718217498.03455,-0.01582920551300049
1718217498.9092252,-0.01689612865447998
1718217499.9001331,-0.016874492168426514
1718217500.9417403,-0.01650303602218628
1718217501.9780512,-0.015980899333953857
1718217503.6217566,-0.017154216766357422
1718217504.6689212,-0.018264174461364746
1718217505.555179,-0.018315494060516357
1718217506.575131,-0.017596781253814697
1718217507.4616253,-0.016022980213165283
1718217508.3244784,-0.019108235836029053
1718217509.532853,-0.018176138401031494
1718217510.411091,-0.018185853958129883
1718217511.4851148,-0.018022239208221436
1718217512.4938996,-0.017914414405822754
1718217513.3620474,-0.01617032289505005
1718217514.2323592,-0.01636970043182373
1718217515.1326854,-0.011905968189239502
1718217516.0305054,-0.014576435089111328
1718217516.8834724,-0.007728099822998047
1718217517.7566893,-0.010210633277893066
1718217518.632073,-0.013887465000152588
1718217519.5192888,-0.01536637544631958
1718217520.404366,-0.016231894493103027
1718217521.2478733,-0.01615118980407715
1718217522.0348465,-0.017401814460754395
1718217522.9300294,-0.014622867107391357
1718217523.8043716,-0.014247417449951172
1718217524.688257,-0.007719218730926514
1718217525.5578995,-0.013511300086975098
1718217526.3175392,-0.013477563858032227
1718217527.1775608,-0.01666051149368286
1718217528.0457046,-0.019497215747833252
1718217528.8984897,-0.018046081066131592
1718217529.7085047,-0.01702028512954712
1718217530.5847292,-0.016528666019439697
1718217531.4539893,-0.015949010848999023
1718217532.2394454,-0.015007227659225464
1718217533.0191638,-0.018188774585723877
1718217533.811105,-0.02039387822151184
1718217534.6640394,-0.014793604612350464
1718217535.545057,-0.013132542371749878
1718217536.4037173,-0.012699902057647705
1718217537.4160733,-0.01639801263809204
1718217538.2729566,-0.015853673219680786
1718217539.1166818,-0.01744234561920166
1718217540.1315625,-0.018924295902252197
1718217541.0176568,-0.019525885581970215
1718217541.8548474,-0.016910910606384277
1718217542.7351017,-0.015693068504333496
1718217543.6331866,-0.018968820571899414
1718217544.5088687,-0.016225337982177734
1718217545.5178833,-0.014684289693832397
1718217546.3733058,-0.007445394992828369
1718217547.4117634,-0.008939415216445923
1718217548.254677,-0.01087343692779541
1718217549.0972452,-0.010310113430023193
1718217549.9348485,-0.012822449207305908
1718217550.809243,-0.01137775182723999
1718217551.668007,-0.010694175958633423
1718217552.7480984,-0.007089763879776001
1718217553.6307173,-0.012659221887588501
1718217554.6956933,-0.012643218040466309
1718217555.5665185,-0.019223809242248535
1718217556.59488,-0.015684641897678375
1718217557.490635,-0.00738360732793808
1718217558.57657,-0.01758313924074173
1718217559.6474934,-0.013831377029418945
1718217560.5260494,-0.014116346836090088
1718217561.5779965,-0.015229731798171997
1718217562.4834974,-0.01706664264202118
1718217563.376775,-0.017809778451919556
1718217564.265329,-0.018828436732292175
1718217565.2005246,-0.023701727390289307
1718217566.171085,-0.020305931568145752
1718217567.1935127,-0.019739866256713867
1718217568.0335596,-0.015114843845367432
1718217568.9119103,-0.014500975608825684
1718217569.9379463,-0.018631160259246826
1718217570.7833095,-0.015874087810516357
1718217572.4261415,-0.015169978141784668
1718217573.642059,-0.016909360885620117
1718217574.5375261,-0.010713040828704834
1718217575.3877435,-0.01208120584487915
1718217576.2632062,-0.014406859874725342
1718217577.3308136,-0.013005256652832031
1718217578.1855617,-0.014710664749145508
1718217579.0518801,-0.008264422416687012
1718217580.101227,-0.010675013065338135
1718217580.969044,-0.012331783771514893
1718217581.8470957,-0.00943666696548462
1718217582.7058513,-0.009546220302581787
1718217583.5604856,-0.00992611050605774
1718217584.4289725,-0.009995847940444946
1718217585.2942545,-0.01064765453338623
1718217586.354351,-0.01317036896944046
1718217587.3749092,-0.0150471031665802
1718217588.2602003,-0.016403943300247192
1718217589.1525998,-0.018525779247283936
1718217589.9478843,-0.015287041664123535
1718217590.7982156,-0.013788849115371704
1718217591.8447204,-0.009978622198104858
1718217592.693897,-0.007679998874664307
1718217593.740878,-0.008185505867004395
1718217594.63026,-0.011553704738616943
1718217595.4949925,-0.013858586549758911
1718217596.5525832,-0.017308354377746582
1718217597.4364328,-0.01779782772064209
1718217598.3013458,-0.018482327461242676
1718217599.1738641,-0.016818106174468994
1718217600.0902267,-0.015709787607192993
1718217601.0607622,-0.01803562045097351
1718217601.932099,-0.020035922527313232
1718217602.9804242,-0.01996523141860962
1718217603.8967748,-0.017293989658355713
1718217604.7510455,-0.018941402435302734
1718217605.6435466,-0.009763896465301514
1718217606.5294619,-0.01928400993347168
1718217607.5858362,-0.01888561248779297
1718217609.0694823,-0.014849424362182617
1718217612.9263968,-0.019193828105926514
1718217613.928873,-0.01602393388748169
1718217614.8041463,-0.01682049036026001
1718217617.499187,-0.016945064067840576
1718217618.554208,-0.018403351306915283
1718217619.4512324,-0.012192249298095703
1718217620.5019672,-0.014781355857849121
1718217621.3901274,-0.019632548093795776
1718217622.296823,-0.01899278163909912
1718217623.1742473,-0.015909850597381592
1718217624.2441065,-0.018528461456298828
1718217864.4314892,-0.013987720012664795
1718217865.3023107,-0.014526605606079102
1718217866.1984951,-0.015257537364959717
1718217866.9912722,-0.008527994155883789
1718217867.7761483,-0.014016032218933105
1718217868.5524807,-0.014795452356338501
1718217869.3335578,-0.012066781520843506
1718217870.215051,-0.010443270206451416
1718217871.1298192,-0.015639960765838623
1718217871.9265563,-0.019139230251312256
1718217872.70902,-0.015682756900787354
1718217873.5853493,-0.010601520538330078
1718217874.4515219,-0.01158297061920166
1718217875.3686,-0.015244752168655396
1718217876.3324156,-0.013826727867126465
1718217877.3388522,-0.007917016744613647
1718217878.3657825,-0.009574264287948608
1718217879.3858163,-0.011205106973648071
1718217880.4320228,-0.012068688869476318
1718217881.2901254,-0.011114060878753662
1718217882.2912612,-0.007564812898635864
1718217883.533517,-0.008436799049377441
1718217884.5244746,-0.006925523281097412
1718217885.5820959,-0.008571356534957886
1718217886.645108,-0.008138328790664673
1718217887.8691099,-0.008521974086761475
1718217888.9128397,-0.009127020835876465
1718217889.9420393,-0.006586670875549316
1718217890.8178096,-0.008238643407821655
1718217891.849692,-0.006310790777206421
1718217892.7408473,-0.01158568263053894
1718217893.8225534,-0.009097158908843994
1718217894.8795433,-0.014378607273101807
1718217895.7264538,-0.016262084245681763
1718217896.7975776,-0.016430988907814026
1718217897.8021595,-0.016727298498153687
1718217898.8595772,-0.01422959566116333
1718217899.7500374,-0.01623934507369995
1718218007.8842206,-0.014880597591400146
1718218008.7189958,-0.014917731285095215
1718218009.517226,-0.01344725489616394
1718218010.3179064,-0.007709801197052002
1718218011.35565,-0.00759008526802063
1718218012.2243042,-0.01165914535522461
1718218013.0825667,-0.014621526002883911
1718218014.0565786,-0.011985480785369873
1718218014.8264587,-0.013420313596725464
1718218015.7842302,-0.01436266303062439
1718218016.5733707,-0.014550834894180298
1718218017.3611195,-0.010981321334838867
1718218018.331726,-0.014711886644363403
1718218019.1375349,-0.008116394281387329
1718218020.0207806,-0.012350320816040039
1718218020.9264073,-0.016473233699798584
1718218110.1999178,-0.013214349746704102
1718218111.0541837,-0.014163076877593994
1718218111.8803284,-0.013052701950073242
1718218112.6734,-0.01366335153579712
1718218113.4667096,-0.016710758209228516
1718218114.2593477,-0.005431264638900757
1718218115.161876,-0.007660627365112305
1718218116.2163572,-0.01445472240447998
1718218117.1701446,-0.012641847133636475
1718218118.055798,-0.014699935913085938
1718218119.0226152,-0.014335155487060547
1718218120.0650606,-0.013933360576629639
1718218120.9341054,-0.015169084072113037
1718218121.8256314,-0.015380382537841797
1718218122.7156441,-0.013504981994628906
1718218123.6045501,-0.020877331495285034
1718218262.3813748,-0.013964712619781494
1718218263.2424028,-0.015415608882904053
1718218264.1527736,-0.011323720216751099
1718218264.9993339,-0.013329654932022095
1718218265.806935,-0.014323383569717407
1718218266.7414687,-0.01050800085067749
1718218267.641468,-0.011085540056228638
1718218268.435685,-0.012041717767715454
1718218269.2818468,-0.01309579610824585
1718218270.1511266,-0.011001437902450562
1718218271.1968796,-0.010966062545776367
1718218272.1598105,-0.011829257011413574
1718218273.0316646,-0.007911860942840576
1718218273.8286026,-0.008729934692382812
1718218274.6221876,-0.013042628765106201
1718218275.5164897,-0.008417516946792603
1718218276.4098146,-0.014525234699249268
1718218277.2165499,-0.014794528484344482
1718218278.2026262,-0.014971613883972168
1718218279.27314,-0.019619494676589966
1718218280.1568997,-0.01659780740737915
1718218280.9580283,-0.015715718269348145
1718218281.7508454,-0.01664280891418457
1718218282.6394563,-0.015644341707229614
1718218283.5253787,-0.01753300428390503
1718218284.4291356,-0.016499102115631104
1718218285.2310464,-0.016775518655776978
1718218286.1243787,-0.01718062162399292
1718218286.9929154,-0.016398519277572632
1718218287.8930368,-0.014582008123397827
1718218288.7789462,-0.015002131462097168
1718249604.438467,-0.019881129264831543
1718249605.4164333,-0.020490527153015137
1718249606.525221,-0.024106264114379883
1718249607.4410317,-0.017628252506256104
1718249608.3861861,-0.01590198278427124
1718249609.245302,-0.013876497745513916
1718249610.0947785,-0.01611858606338501
1718249610.9374695,-0.01987534761428833
1718249611.7880752,-0.018838703632354736
1718249612.6609137,-0.017452359199523926
1718249613.4966369,-0.019097745418548584
1718249614.3321524,-0.019699692726135254
1718249615.2258735,-0.021670937538146973
1718249616.0989237,-0.0234525203704834
1718249617.035192,-0.019663751125335693
1718249617.9216552,-0.021350562572479248
1718249618.8081784,-0.019030511379241943
1718249619.625595,-0.022479712963104248
1718249620.4580572,-0.02243584394454956
1718249621.2957153,-0.017893671989440918
1718249622.2248292,-0.020468711853027344
1718249623.0914483,-0.018331944942474365
1718249623.9818208,-0.021541476249694824
1718249624.8085785,-0.018980801105499268
1718249625.6592503,-0.015294253826141357
1718249626.5319343,-0.01456981897354126
1718249627.3999474,-0.01364600658416748
1718249628.2345424,-0.017831027507781982
1718249629.0780725,-0.01847773790359497
1718249629.9369717,-0.015450835227966309
1718249630.86094,-0.020833849906921387
1718249631.9049604,-0.02221652865409851
1718249632.8836474,-0.018683791160583496
1718249633.8257158,-0.019413739442825317
1718249634.7641628,-0.02082344889640808
1718249635.7305436,-0.02200135588645935
1718249636.6653512,-0.018525689840316772
1718249637.5605571,-0.017959892749786377
1718249638.4350066,-0.017179012298583984
1718249639.5115607,-0.017808258533477783
1718249640.5865579,-0.021919727325439453
1718249641.4753854,-0.01721900701522827
1718249642.3511517,-0.021228939294815063
1718249643.226977,-0.016180098056793213
1718249644.1682103,-0.01900649070739746
1718249645.0516515,-0.014097809791564941
1718249646.0205433,-0.015368849039077759
1718249646.9531415,-0.014702558517456055
1718249647.9225092,-0.016598045825958252
1718249648.8022935,-0.016887426376342773
1718249649.655327,-0.017398804426193237
1718249650.5173235,-0.019068479537963867
1718249658.709193,-0.019212961196899414
1718249659.6788032,-0.016982316970825195
1718249660.6119463,-0.022163748741149902
1718249661.5162358,-0.0205516517162323
1718249662.4678507,-0.022942930459976196
1718249663.409361,-0.020364731550216675
1718249664.2763278,-0.01999935507774353
1718249665.156039,-0.02093854546546936
1718249666.054381,-0.02350899577140808
1718249666.9640408,-0.0208321213722229
1718253592.6871371,-0.019112110137939453
1718253593.6278622,-0.020650744438171387
1718253594.4832318,-0.02211606502532959
1718253595.2896516,-0.023040771484375
1718253596.2349985,-0.02263045310974121
1718253597.2459657,-0.0214846134185791
1718253598.1112967,-0.02049630880355835
1718253598.9988692,-0.026283323764801025
1718253599.8037097,-0.029667198657989502
1718253600.7532709,-0.015429019927978516
1718253601.593152,-0.01475745439529419
1718253602.405366,-0.016890525817871094
1718253603.2485957,-0.018175899982452393
1718253604.2202506,-0.0163537859916687
1718253605.2545385,-0.01829606294631958
1718253606.1837263,-0.02282315492630005
1718253607.0872226,-0.023042738437652588
1718253607.9253356,-0.02465754747390747
1718253608.9229429,-0.024835944175720215
1718253609.8413527,-0.02303612232208252
1718253610.8713613,-0.02230536937713623
1718253611.8647368,-0.020941436290740967
1718253612.963599,-0.030173420906066895
1718253613.7862773,-0.031479060649871826
1718253614.7979636,-0.028488218784332275
1718253615.7364845,-0.01643669605255127
1718253616.6252427,-0.014519155025482178
1718253617.5155516,-0.014563202857971191
1718253618.5341775,-0.014298856258392334
1718253619.38061,-0.015749633312225342
1718253620.3116035,-0.01853644847869873
1718253621.213494,-0.01786041259765625
1718253622.0467625,-0.019634246826171875
1718253622.8965342,-0.013413667678833008
1718253623.7993205,-0.017552196979522705
1718253624.6756322,-0.017066776752471924
1718253625.601671,-0.015610992908477783
1718253626.4489827,-0.004172027111053467
1718253627.287472,-0.0033272504806518555
1718253628.1697454,-0.016257166862487793
1718253629.0531995,-0.011463165283203125
1718253629.9366236,-0.016655564308166504
1718253630.8224535,-0.01052945852279663
1718253631.6550713,-0.0125960111618042
1718253632.6080027,-0.009801328182220459
1718253633.5620792,-0.012647926807403564
1718253634.4441917,-0.016000092029571533
1718253635.3538072,-0.007247865200042725
1718253636.3922644,-0.013895690441131592
1718253637.3326542,-0.01571887731552124
1718253638.193379,-0.013820886611938477
1718253639.0864563,-0.012247025966644287
1718253639.9150631,-0.005152404308319092
1718253640.8558252,-0.014046669006347656
1718253641.7906318,-0.017734646797180176
1718253642.9249096,-0.011262893676757812
1718253643.9052432,-0.02919459342956543
1718253644.9609904,-0.03981661796569824
1718253646.0685585,-0.02709561586380005
1718256326.950304,-0.0038062334060668945
1718256327.844439,-0.025701284408569336
1718256328.7046494,-0.025204002857208252
1718256329.646679,-0.022083967924118042
1718256330.5355444,-0.021323561668395996
1718256331.42593,-0.01853644847869873
1718256332.2619605,-0.02198171615600586
1718256333.11354,-0.02113288640975952
1718256333.9826071,-0.02323174476623535
1718256334.9017255,-0.024955272674560547
1718256335.747728,-0.024577200412750244
1718256336.634732,-0.023349285125732422
1718256337.4965768,-0.023948967456817627
1718256338.3506281,-0.021047592163085938
1718256339.211236,-0.021750211715698242
1718256340.0736182,-0.023428022861480713
1718256340.9698322,-0.022417187690734863
1718256341.8618405,-0.012683272361755371
1718256342.690597,-0.019076645374298096
1718256343.7177758,-0.023313701152801514
1718256344.6173398,-0.025811612606048584
1718256345.4836674,-0.02691742777824402
1718256346.3607354,-0.024894773960113525
1718256347.2372806,-0.02673119306564331
1718256348.2067769,-0.022333920001983643
1718256349.221929,-0.026633143424987793
1718256350.1051996,-0.011380314826965332
1718256353.117319,-0.035079002380371094
1718256354.2170627,-0.030199766159057617
1718256355.1269054,-0.014059185981750488
1718256356.0815506,-0.013383269309997559
1718256357.2741706,-0.007730543613433838
1718256358.2232244,-0.007740914821624756
1718256359.413107,-0.022892653942108154
1718256360.4210193,-0.020906448364257812
1718256361.2941215,-0.012433350086212158
1718256362.1671398,-0.03278893232345581
1718256363.1446981,-0.023738861083984375
1718256364.0361035,-0.02245962619781494
1718256364.9882998,-0.023233354091644287
1718256365.8939524,-0.022446095943450928
1718256366.7794693,-0.022908389568328857
1718256367.624522,-0.025113582611083984
1718256368.7002046,-0.027840852737426758
1718256369.623332,-0.022264957427978516
1718256370.836624,-0.021749794483184814
1718256372.061907,-0.023782968521118164
1718256373.0628576,-0.026678800582885742
1718256374.132799,-0.02276611328125
1718256375.1052127,-0.023564636707305908
1718271459.0540814,-0.02587282657623291
1718271460.1263485,-0.023317158222198486
1718271461.065706,-0.022414565086364746
1718271461.8606539,-0.016702353954315186
1718271462.774068,-0.02023404836654663
1718271463.7024074,-0.01558595895767212
1718271464.621136,-0.02537059783935547
1718271465.5249677,-0.023852884769439697
1718271466.3707623,-0.023270785808563232
1718271467.244143,-0.023015499114990234
1718271468.1219888,-0.022552073001861572
1718271468.9929245,-0.023772060871124268
1718271469.870429,-0.02457296848297119
1718271470.9278238,-0.02615410089492798
1718271471.7852554,-0.02101999521255493
1718271472.6662772,-0.023539245128631592
1718271473.5348644,-0.02772456407546997
1718271474.4124725,-0.025180459022521973
1718271475.3786967,-0.029046356678009033
1718271476.4082532,-0.025799453258514404
1718271477.278008,-0.025683283805847168
1718271478.1392553,-0.023968219757080078
1718271479.027137,-0.027043402194976807
1718271480.10904,-0.026333987712860107
1718271481.115674,-0.02296614646911621
1718271482.019434,-0.02376711368560791
1718274146.225466,-0.02884972095489502
1718274147.1695435,-0.024046242237091064
1718274148.1211107,-0.025614559650421143
1718274149.1922355,-0.024049043655395508
1718274150.0615697,-0.020441383123397827
1718274150.9932363,-0.02564692497253418
1718274151.842607,-0.01084756851196289
1718274152.6906304,-0.021181166172027588
1718274153.5085218,-0.024455547332763672
1718274154.590559,-0.024153590202331543
1718274155.395445,-0.02301505208015442
1718274156.2180374,-0.022437989711761475
1718274157.0932734,-0.02584981918334961
1718274158.060366,-0.021764755249023438
1718274158.9717069,-0.022390216588974
1718274159.91652,-0.021603703498840332
1718274160.8448012,-0.022628873586654663
1718274161.9568655,-0.00854480266571045
1718274164.618591,-0.013765901327133179
1718274165.8151941,-0.0291745662689209
1718274168.1342282,-0.02892512083053589
1718274169.0645194,-0.026937156915664673
1718274170.6597185,-0.0022206902503967285
1718274171.5011556,-0.00395578145980835
1718274172.449173,-0.005211353302001953
1718274173.291706,-0.0020473599433898926
1718274174.1619754,-0.002992868423461914
1718274175.0388002,-0.005631089210510254
1718274175.8932095,-0.004646122455596924
1718274176.7329042,-0.003764927387237549
1718274177.6406276,-0.03331261873245239
1718274178.646794,-0.02248513698577881
1718274179.6232858,-0.012980759143829346
1718274180.7096772,-0.022201865911483765
1718274181.5644546,-0.021888017654418945
1718274182.679241,-0.021373987197875977
1718274183.6720927,-0.0019266605377197266
1718274184.6319523,-0.0014510750770568848
1718274185.508211,-0.004010021686553955
1718274186.344762,-0.006369471549987793
1718274187.2977746,-0.018121719360351562
1718274188.2444148,-0.0069724321365356445
1718274189.1930797,-0.013678491115570068
1718274190.1582987,-0.025051355361938477
1718274191.117232,-0.026309698820114136
1718274335.6440034,-0.026047885417938232
1718274336.8331692,-0.024422913789749146
1718274337.8018372,-0.020645618438720703
1718274338.7500422,-0.026450008153915405
1718274339.7288976,-0.025909483432769775
1718274340.6778796,-0.025442302227020264
1718274341.5431027,-0.02283841371536255
1718274342.4370637,-0.03326451778411865
1718274343.397987,-0.017660319805145264
1718274344.2259727,-0.027509987354278564
1718274345.2526562,-0.021471679210662842
1718274346.0545895,-0.02310335636138916
1718274346.963986,-0.029802024364471436
1718274347.8140688,-0.024669945240020752
1718274348.6822925,-0.02480447292327881
1718274349.5021322,-0.02364349365234375
1718274350.403439,-0.024979472160339355
1718274351.2627606,-0.02839338779449463
1718274352.1131601,-0.026350200176239014
1718274352.955389,-0.02195662260055542
1718274354.2188802,-0.01907193660736084
1718274355.0690553,-0.011467039585113525
1718274356.1980555,-0.02407437562942505
1718274357.1993687,-0.02307027578353882
1718274358.4049563,-0.024888604879379272
1718274359.479519,-0.02805793285369873
1718287834.907266,-0.017840027809143066
1718287835.7348838,-0.015890955924987793
1718287836.509141,-0.016768664121627808
1718287837.270329,-0.01634037494659424
1718287838.2262633,-0.011027276515960693
1718287839.117195,-0.017198920249938965
1718287839.8777235,-0.014452755451202393
1718287840.6933486,-0.01830899715423584
1718287841.4470682,-0.013453900814056396
1718287842.4497755,-0.02073758840560913
1718287843.3042955,-0.02162456512451172
1718287844.1448922,-0.022756993770599365
1718287845.0119622,-0.011744678020477295
1718287845.886464,-0.02343308925628662
1718287846.7663693,-0.022831380367279053
1718287847.613462,-0.01921004056930542
1718287848.4679432,-0.02195507287979126
1718287849.3133888,-0.013870656490325928
1718287850.1555047,-0.020976483821868896
1718287851.1513336,-0.020360887050628662
1718287851.9443362,-0.019306540489196777
1718287852.727867,-0.019600212574005127
1718287853.5027943,-0.018552064895629883
1718287854.4170275,-0.019781053066253662
1718287855.261917,-0.011889457702636719
1718287856.1231863,-0.010245203971862793
1718287857.1141446,-0.014972984790802002
1718287857.9976552,-0.014482349157333374
1718287858.8430655,-0.014235496520996094
1718287859.689793,-0.016467630863189697
1718287860.6775467,-0.01989397406578064
1718287861.5210896,-0.01833665370941162
1718287862.2859159,-0.018212556838989258
1718287863.128393,-0.018167972564697266
1718287863.9152906,-0.01796269416809082
1718287864.6924198,-0.018511474132537842
1718287865.4700327,-0.020494073629379272
1718287866.277468,-0.02233654260635376
1718287867.0569372,-0.019287705421447754
1718287867.83442,-0.011040151119232178
1718287868.6046028,-0.010959118604660034
1718287869.4597266,-0.014250785112380981
1718287870.3149607,-0.022113323211669922
1718287871.095128,-0.022462904453277588
1718287871.8921719,-0.019444912672042847
1718287872.7441847,-0.01799049973487854
1718287873.5967393,-0.015536576509475708
1718287874.4384198,-0.017967939376831055
1718287875.2050803,-0.020275592803955078
1718287876.0489843,-0.019893944263458252
1718287876.9077423,-0.02080199122428894
1718287877.7021554,-0.02075660228729248
1718287878.4679322,-0.022660762071609497
1718287879.2347393,-0.022510170936584473
1718287880.0368419,-0.02309921383857727
1718287880.8146317,-0.02484723925590515
1718287881.579695,-0.02038004994392395
1718287882.3541746,-0.019791722297668457
1718288544.0460117,-0.01949930191040039
1718288544.918615,-0.017231792211532593
1718288545.700686,-0.018650561571121216
1718288546.458603,-0.017150521278381348
1718288547.4407446,-0.02437153458595276
1718288548.2798338,-0.01609659194946289
1718288549.1197503,-0.020333707332611084
1718288550.1091948,-0.022110044956207275
1718288550.9491084,-0.019009709358215332
1718288551.7118976,-0.019556432962417603
1718288552.5639763,-0.019715428352355957
1718288553.4663076,-0.02125638723373413
1718288554.4487443,-0.019391179084777832
1718288555.2993464,-0.019865453243255615
1718288556.13896,-0.012746691703796387
1718288556.9881105,-0.02232205867767334
1718288557.8329268,-0.02328312397003174
1718288558.7761276,-0.023233652114868164
1718288559.6262236,-0.021500051021575928
1718288560.4810898,-0.021818041801452637
1718288561.3435528,-0.022665679454803467
1718288562.224056,-0.023738384246826172
1718288563.0800748,-0.02077507972717285
1718288563.954362,-0.020355284214019775
1718288564.806358,-0.022916555404663086
1718288565.7043078,-0.018899083137512207
1718288566.5542133,-0.02019810676574707
1718288567.3935246,-0.018047690391540527
1718288568.253606,-0.02073359489440918
1718288569.1056547,-0.022777915000915527
1718288569.9537816,-0.02176302671432495
1718288570.8244677,-0.020526766777038574
1718288571.6655364,-0.019112467765808105
1718288572.5109732,-0.019591867923736572
1718288573.3560615,-0.020837724208831787
1718288574.1972945,-0.024055659770965576
1718288575.0747263,-0.020916402339935303
1718288575.9471543,-0.022121012210845947
1718288576.887327,-0.019935578107833862
1718288577.6527886,-0.019938111305236816
1718288578.421659,-0.021200060844421387
1718288579.2055364,-0.02027389407157898
1718288580.1891584,-0.018949270248413086
1718288581.0954723,-0.019310057163238525
1718288582.5876822,-0.023137390613555908
1718289004.2600422,-0.025175631046295166
1718289005.274863,-0.02075296640396118
1718289006.2623358,-0.018198609352111816
1718289007.105505,-0.021263420581817627
1718289008.028588,-0.01769360899925232
1718289008.790468,-0.019380271434783936
1718289009.550014,-0.014429748058319092
1718289010.3256884,-0.016049712896347046
1718289011.2317781,-0.018270105123519897
1718289012.1599867,-0.014093607664108276
1718289013.0758011,-0.020151853561401367
1718289013.83707,-0.02023211121559143
1718289014.6953087,-0.013997197151184082
1718289015.6804976,-0.014110386371612549
1718289016.664385,-0.016282349824905396
1718289017.6702533,-0.01842665672302246
1718289018.5208712,-0.020531296730041504
1718289019.3616285,-0.018719196319580078
1718289020.2227578,-0.019926905632019043
1718289021.2509353,-0.013145148754119873
1718289022.0900116,-0.02296501398086548
1718289022.9640598,-0.016288042068481445
1718289023.8097198,-0.018826961517333984
1718289024.6482348,-0.0223081111907959
1718289025.5675375,-0.012745440006256104
1718289026.5638864,-0.0102328360080719
1718289027.576818,-0.009248226881027222
1718289028.4358244,-0.014028012752532959
1718289029.2782347,-0.017000645399093628
1718289030.1313496,-0.017420649528503418
1718289031.2922149,-0.008965104818344116
1718289032.3548923,-0.008994072675704956
1718289034.80384,-0.015204370021820068
1718289035.803258,-0.02471745014190674
1718289036.7183444,-0.025833189487457275
1718289037.4859922,-0.017531275749206543
1718289038.4894087,-0.016511142253875732
1718289039.3532884,-0.018755793571472168
1718289040.2215085,-0.019377708435058594
1718289041.0705867,-0.01802682876586914
1718289041.9205248,-0.02377629280090332
1718289044.7686687,-0.015233993530273438
1718289045.6126306,-0.019614338874816895
1718289046.4682307,-0.01497197151184082
1718289047.3385751,-0.01367950439453125
1718289048.355292,-0.010285794734954834
1718289050.8609192,-0.012421905994415283
1718289051.7110965,-0.009096384048461914
1718289052.723727,-0.00872814655303955
1718289054.1977453,-0.011226236820220947
1718289055.2545152,-0.009756624698638916
1718289056.3895845,-0.010847330093383789
1718289057.2870812,-0.012826263904571533
1718289058.8794084,-0.016710340976715088
1718289060.6807601,-0.01807689666748047
1718289063.327569,-0.030442416667938232
1718289064.3255024,-0.02108144760131836
1718289065.32264,-0.022542953491210938
1718289067.2627897,-0.010854542255401611
1718289068.2608776,-0.02573007345199585
1718289069.2216668,-0.0202486515045166
1718289070.2508175,-0.022295057773590088
1718289071.102485,-0.011814713478088379
1718289071.9683573,-0.012391448020935059
1718289072.9709907,-0.011443555355072021
1718289073.8183863,-0.014759957790374756
1718289074.8150282,-0.022625327110290527
1718289075.6583605,-0.024225473403930664
1718289076.522474,-0.022071421146392822
1718289077.6911,-0.007435739040374756
1718289078.9983757,-0.012047231197357178
1718289082.9714031,-0.014121651649475098
1718289083.8423748,-0.016751885414123535
1718289084.8357613,-0.017628490924835205
1718289085.8711755,-0.00948914885520935
1718289087.1629417,-0.007891714572906494
1718289088.0304413,-0.009363263845443726
1718289089.0812926,-0.008559077978134155
1718289089.9173024,-0.01742805540561676
1718289090.9130337,-0.009470254182815552
1718289091.7492104,-0.01850220561027527
1718289092.5987933,-0.02192676067352295
1718289093.4453785,-0.015330851078033447
1718289094.2931728,-0.018158376216888428
1718289095.1338532,-0.0209236741065979
1718289096.1506073,-0.020451456308364868
1718289097.169797,-0.007862836122512817
1718289098.317739,-0.009651213884353638
1718289099.1603093,-0.0124187171459198
1718289100.0041375,-0.014979928731918335
1718289100.8502629,-0.019892007112503052
1718289101.8367872,-0.021137520670890808
1718289102.7099671,-0.02155819535255432
1718289103.6183264,-0.017225027084350586
1718289104.6628969,-0.024374008178710938
1718289105.5075414,-0.013691455125808716
1718289106.528622,-0.02539975941181183
1718289107.532575,-0.01886114478111267
1718289108.4696758,-0.01829400658607483
1718289109.3497226,-0.017279282212257385
1718289110.3543813,-0.009320497512817383
1718289111.353827,-0.01119956374168396
1718289112.216644,-0.013696283102035522
1718289113.0597644,-0.012857675552368164
1718289114.0528512,-0.02020081877708435
1718289114.9590087,-0.0207957923412323
1718289115.7254915,-0.023937195539474487
1718289116.4983802,-0.02362862229347229
1718289117.3516123,-0.02418416738510132
1718289118.12949,-0.02387470006942749
1718289118.9311543,-0.023491203784942627
1718289119.9579012,-0.02465882897377014
1718289120.9519646,-0.031860947608947754
1718289121.8021233,-0.02990776300430298
1718289122.6674125,-0.02644181251525879
1718289123.5211532,-0.02852112054824829
1718289124.538569,-0.023542702198028564
1718289125.3756542,-0.023753434419631958
1718289126.3910341,-0.020032405853271484
1718289127.6615567,-0.004786014556884766
1718289129.3751268,-0.007426470518112183
1718289130.2205195,-0.009335517883300781
1718289131.217055,-0.01006227731704712
1718289132.2246685,-0.01906333863735199
1718289133.070856,-0.018797919154167175
1718289134.0671275,-0.01226121187210083
1718289134.989679,-0.006587296724319458
1718289135.9896379,-0.010730743408203125
1718289136.7465324,-0.011494964361190796
1718289137.5072808,-0.017696470022201538
1718289138.2805095,-0.01589682698249817
1718289139.1297243,-0.019046664237976074
1718289139.9789145,-0.01838943362236023
1718289140.8138695,-0.019303172826766968
1718289141.6579142,-0.02016773819923401
1718289142.4967053,-0.021046578884124756
1718289143.5441651,-0.014255046844482422
1718289144.406081,-0.018955692648887634
1718289145.4101036,-0.020546168088912964
1718289146.2621398,-0.020649760961532593
1718289147.034413,-0.015534400939941406
1718289147.7993884,-0.019899725914001465
1718289148.6652029,-0.012385249137878418
1718289149.4415221,-0.02002108097076416
1718289150.223974,-0.019676655530929565
1718289151.2294266,-0.01919218897819519
1718289152.23435,-0.01891988515853882
1718289153.0791411,-0.021391093730926514
1718289154.1162624,-0.020789682865142822
1718289154.9804473,-0.01964670419692993
1718289155.9799156,-0.020070791244506836
1718289156.966741,-0.016696631908416748
1718289157.8111386,-0.019245266914367676
1718289158.6680534,-0.019958972930908203
1718289647.3017018,-0.021396487951278687
1718289648.1483305,-0.019780218601226807
1718289648.939364,-0.019818753004074097
1718289649.7845051,-0.01791471242904663
1718289650.7162716,-0.019260555505752563
1718289651.477419,-0.017950505018234253
1718289652.2381067,-0.01977744698524475
1718289653.237102,-0.021603941917419434
1718289654.0763333,-0.01817619800567627
1718289654.9093084,-0.0188559889793396
1718289655.7453191,-0.019790291786193848
1718289656.5825133,-0.020665347576141357
1718289657.4171927,-0.019110441207885742
1718289658.2677372,-0.022036612033843994
1718289659.107885,-0.022360384464263916
1718289660.111964,-0.022541016340255737
1718289660.9617796,-0.020330488681793213
1718289661.821447,-0.019680440425872803
1718289662.5988233,-0.019349634647369385
1718289663.3648455,-0.019955813884735107
1718289664.3776827,-0.016145169734954834
1718289665.217536,-0.014469236135482788
1718289668.122756,-0.011999011039733887
1718289669.1428096,-0.019632279872894287
1718289669.9885943,-0.021250993013381958
1718289670.836184,-0.013218849897384644
1718289673.8820994,-0.011502891778945923
1718289674.8989403,-0.019389629364013672
1718289675.775079,-0.018873512744903564
1718289676.7855914,-0.011618047952651978
1718289677.9219575,-0.011294275522232056
1718289678.7860293,-0.018322855234146118
1718289681.2532845,-0.01632678508758545
1718289682.1612794,-0.009993940591812134
1718289683.00534,-0.02191123366355896
1718289686.9322968,-0.007487118244171143
1718289687.9288025,-0.007527709007263184
1718289688.9791424,-0.008633822202682495
1718289689.9879467,-0.020702838897705078
1718289690.7666109,-0.021312296390533447
1718289691.705752,-0.013478457927703857
1718289692.7346468,-0.006279349327087402
1718289694.5702965,-0.009616941213607788
1718289695.5726697,-0.015308678150177002
1718290701.3752637,-0.012721538543701172
1718290702.7329967,-0.01382511854171753
1718290704.0640228,-0.014744162559509277
1718290705.0564291,-0.013289034366607666
1718290705.9664397,-0.013274192810058594
1718290706.9863698,-0.012733399868011475
1718290708.3274887,-0.019180595874786377
1718290709.3478627,-0.009788334369659424
1718290713.0164092,-0.013549566268920898
1718290714.0052319,-0.014809101819992065
1718290714.995744,-0.012664735317230225
1718290716.0565994,-0.013349175453186035
1718290717.750012,-0.012784183025360107
1718290718.7906666,-0.015276998281478882
1718290720.1808412,-0.01949334144592285
1718290721.337837,-0.015051543712615967
1718290722.4935436,-0.011552929878234863
1718290723.9591122,-0.013448178768157959
1718290725.0909154,-0.011782526969909668
1718290726.1190827,-0.012965381145477295
1718290727.2113988,-0.010130643844604492
1718290728.3016975,-0.010504305362701416
1718290729.3364816,-0.011140584945678711
1718290730.4404092,-0.011462569236755371
1718290731.5274475,-0.012173831462860107
1718290732.5417998,-0.01345914602279663
1718290733.5903387,-0.012505650520324707
1718290734.5994976,-0.011047422885894775
1718290735.6258104,-0.012838244438171387
1718290736.6820974,-0.011730015277862549
1718290737.7302582,-0.010137856006622314
1718290738.8122163,-0.011312484741210938
1718290739.8807514,-0.014885187149047852
1718290740.8567882,-0.01202625036239624
1718290741.8410006,-0.010440945625305176
1718344096.6517766,-0.022980153560638428
1718344097.5685003,-0.0249478816986084
1718344098.4882143,-0.02545100450515747
1718344099.4220192,-0.021315038204193115
1718347779.750867,-0.017426729202270508
1718347780.9202487,-0.023003995418548584
1718347781.879715,-0.021041452884674072
1718347782.7692988,-0.020902037620544434
1718347783.7065988,-0.022327065467834473
1718347784.910267,-0.02219456434249878
1718347785.917378,-0.01193392276763916
1718347786.845244,-0.018991708755493164
1718347787.7694657,-0.022729337215423584
1718347788.7039223,-0.02162468433380127
1718347789.597233,-0.02854013442993164
1718347790.707974,-0.006883978843688965
1718347791.6455808,-0.01856750249862671
1718347792.585951,-0.013338744640350342
1718347793.7542334,-0.016579091548919678
1718347794.719011,-0.006786167621612549
1718347795.6729822,-0.003458261489868164
1718347796.6244493,-0.017870843410491943
1718348803.9460156,-0.01809537410736084
1718348805.049435,-0.016623497009277344
1718348806.2066863,-0.015394389629364014
1718348807.122244,-0.018934905529022217
1718348808.0265088,-0.013256371021270752
1718348808.9338193,-0.02060908079147339
1718348809.8329477,-0.015857219696044922
1718348810.7416909,-0.018613159656524658
1718348812.9896224,-0.012070119380950928
1718348814.1172328,-0.018558919429779053
1718348815.0472136,-0.01666557788848877
1718348816.149631,-0.015266060829162598
1718348818.055676,-0.01819634437561035
1718348819.4823422,-0.017891764640808105
1718348820.4419367,-0.018437564373016357
1718348821.348016,-0.019465863704681396
1718348822.53729,-0.01717400550842285
1718348823.4705608,-0.01966935396194458
1718348824.347729,-0.020441114902496338
1718348825.2612643,-0.02247142791748047
1718349221.2361867,-0.019738852977752686
1718349222.4533765,-0.017784297466278076
1718349224.0199091,-0.02746027708053589
1718349224.9153595,-0.028659403324127197
1718349225.826492,-0.028200924396514893
1718349226.7289524,-0.028829455375671387
1718349227.6503747,-0.02621704339981079
1718349228.565714,-0.02769637107849121
1718349229.52288,-0.022091448307037354
1718349230.4543226,-0.029235124588012695
1718349231.4039843,-0.031681954860687256
1718349232.3657763,-0.028730928897857666
1718349233.3170028,-0.029646217823028564
1718349234.2439392,-0.031103849411010742
1718349235.2102916,-0.028481602668762207
1718349236.173689,-0.026411831378936768
1718349238.1729512,-0.0192563533782959
1718349239.1533036,-0.03301584720611572
1718349240.2052543,-0.027606666088104248
1718349241.1691608,-0.02818608283996582
1718349242.1413078,-0.027146756649017334
1718349243.1233003,-0.02185988426208496
1718349244.121339,-0.029742300510406494
1718349245.086066,-0.02933478355407715
1718349246.021196,-0.026697754859924316
1718349246.98175,-0.02333933115005493
1718349247.9558768,-0.029978275299072266
1718349248.9248416,-0.0291978120803833
1718349249.8612993,-0.03117269277572632
1718349250.833017,-0.026353657245635986
1718349251.984621,-0.0293998122215271
1718349934.0135868,-0.019051194190979004
1718349934.936936,-0.019067704677581787
1718349935.8680694,-0.01850193738937378
1718349936.974413,-0.022706210613250732
1718349937.8615048,-0.024341046810150146
1718349938.7332854,-0.022316306829452515
1718349939.6101108,-0.02142012119293213
1718349940.5296965,-0.027668744325637817
1718349941.6297176,-0.020632147789001465
1718349942.5114334,-0.021602630615234375
1718349943.53461,-0.025968849658966064
1718349944.5929828,-0.020102739334106445
1718349945.4871216,-0.023150742053985596
1718984179.7112682,-0.030383586883544922
1718984180.5870824,-0.026468634605407715
1718984181.4340062,-0.02965414524078369
1718984182.409317,-0.021486014127731323
1718984183.2515185,-0.021724551916122437
1718984184.573933,-0.015480101108551025
1718984185.420219,-0.01409175992012024
1718984186.411241,-0.013558357954025269
1718984187.3883672,-0.01859709620475769
1718984188.2215219,-0.021716415882110596
1718984189.2056203,-0.016160160303115845
1718984190.2097313,-0.014308631420135498
1718984191.220941,-0.0056705474853515625
1718984192.4615092,-0.013639122247695923
1718984193.6067848,-0.00937892496585846
1718984194.4643846,-0.009729847311973572
1718984195.4506185,-0.015293747186660767
1718984196.4659827,-0.006238281726837158
1718984197.3203018,-0.00858643651008606
1718984198.3422112,-0.01554173231124878
1718984199.3923512,-0.015622466802597046
1718984200.2408788,-0.01653692126274109
1718984201.1922693,-0.018359869718551636
1718984202.210013,-0.017438232898712158
1718984203.052491,-0.011545717716217041
1718984203.907333,-0.01687180995941162
1718984204.747002,-0.014918744564056396
1718984205.7534564,-0.013761937618255615
1718984206.8004317,-0.004172682762145996
1718984207.6496089,-0.015277683734893799
1718984208.4919355,-0.016528069972991943
1718984209.355117,-0.01440131664276123
1718984210.220437,-0.01189190149307251
1718984211.0809038,-0.01708674430847168
1718984211.9498541,-0.01458752155303955
1718984212.8275468,-0.012753546237945557
1718984213.7032087,-0.01667308807373047
1718984214.564536,-0.014926493167877197
1718984215.5304883,-0.01896822452545166
1718984216.5396626,-0.015529870986938477
1718984217.376805,-0.019073486328125
1718984218.206247,-0.01808011531829834
1718984219.206214,-0.01553085446357727
1718984383.117732,-0.02401977777481079
1718984383.9675245,-0.023432254791259766
1718984384.9390342,-0.005234092473983765
1718984385.8043766,-0.01014089584350586
1718984386.82824,-0.018149763345718384
1718984387.6674743,-0.019332826137542725
1718984388.6669316,-0.023027479648590088
1718984389.5331118,-0.02525228261947632
1718984390.3796678,-0.023843705654144287
1718984391.2506366,-0.02034473419189453
1718984392.1109722,-0.023596227169036865
1718984392.947784,-0.020788252353668213
1718984393.791105,-0.026046931743621826
1718984394.6507342,-0.02545487880706787
1718984395.5141943,-0.01682180166244507
1718984396.3869867,-0.018766939640045166
1718984397.2246985,-0.026423394680023193
1718984398.1397176,-0.018007755279541016
1718984398.990365,-0.01786404848098755
1718984399.8402507,-0.019672751426696777
1718984400.7324572,-0.016048908233642578
1718984401.614782,-0.018253803253173828
1718984402.5038502,-0.019115209579467773
1718984403.5399806,-0.025947988033294678
1718984404.5353374,-0.022561639547348022
1718984405.5368598,-0.017817556858062744
1718984408.1310122,-0.014342159032821655
1718984409.1826975,-0.0180475115776062
1718984410.0520139,-0.021678268909454346
1718984410.9056275,-0.0200350284576416
1718984411.7957258,-0.01900896430015564
1718984412.677115,-0.01807427406311035
1718984413.539027,-0.017740339040756226
1718984414.3932922,-0.02459821105003357
1718984415.2467725,-0.022753506898880005
1718984416.10671,-0.027352094650268555
1718984416.9560041,-0.02801331877708435
1718984417.8056986,-0.025280892848968506
1718984418.8265996,-0.017353177070617676
1719034311.2408998,-0.01562356948852539
1719034312.1836853,-0.022066235542297363
1719034313.5893145,-0.007913172245025635
1719034314.5154898,-0.010469555854797363
1719034315.6434777,-0.02391636371612549
1719034316.79321,-0.023174405097961426
1719034317.71831,-0.022973239421844482
1719034318.9600592,-0.02328890562057495
1719034320.0855803,-0.02711498737335205
1719034321.0550952,-0.014389514923095703
1719034323.423366,-0.02669703960418701
1719034359.4171817,-0.022964835166931152
1719034360.7338867,-0.021183252334594727
1719034361.6608088,-0.02108103036880493
1719034362.5202076,-0.021777212619781494
1719034363.4981165,-0.022304832935333252
1719034364.530724,-0.024215400218963623
1719034365.497733,-0.022530794143676758
1719034366.628499,-0.02364182472229004
1719034373.761143,-0.023776710033416748
1719034374.8402636,-0.02220553159713745
1719034375.8019276,-0.02146357297897339
1719034378.9286497,-0.019773125648498535
1719034379.8626804,-0.022034883499145508
1719034383.4552903,-0.021788060665130615
1719034384.562925,-0.022492706775665283
1719034385.4775257,-0.02116560935974121
1719034386.4026327,-0.027070224285125732
1719034388.9525616,-0.029830098152160645
1719035285.135309,-0.01832723617553711
1719035286.0320804,-0.020435631275177002
1719035287.3583677,-0.018996357917785645
1719035288.314913,-0.022397398948669434
1719035289.2270513,-0.019094526767730713
1719035290.3534913,-0.021112382411956787
1719035291.3207693,-0.02470487356185913
1719035292.2620404,-0.021254658699035645
1719035293.1675754,-0.02062779664993286
1719035294.06924,-0.024479448795318604
1719035295.0207813,-0.02418386936187744
1719035295.9400647,-0.022500813007354736
1719035297.0265963,-0.02573561668395996
1719035297.9203024,-0.016689538955688477
1719035298.8462057,-0.02173447608947754
1719035299.792812,-0.025319695472717285
1719035300.9632823,-0.021860480308532715
1719035301.88426,-0.02306663990020752
1719035302.8159661,-0.023430705070495605
1719035303.7356093,-0.021062016487121582
1719035304.673668,-0.02109473943710327
1719035889.543178,-0.021723926067352295
1719035890.673536,-0.023921966552734375
1719035891.5617871,-0.021859049797058105
1719035892.5376039,-0.021050572395324707
1719035893.6501834,-0.023034214973449707
1719035894.565586,-0.015581190586090088
1719035895.643121,-0.011489331722259521
1719035896.9066148,-0.01930147409439087
1719035897.9238124,-0.016927063465118408
1719035898.8621795,-0.02012735605239868
1719035899.7967825,-0.019774556159973145
1719035900.749236,-0.02290046215057373
1719035901.6610527,-0.022132515907287598
1719035902.7464077,-0.026074886322021484
1719035905.9944694,-0.02229827642440796
1719035906.9403682,-0.0246085524559021
1719035907.856949,-0.023363828659057617
1719035908.7759647,-0.02470773458480835
1719035909.7054796,-0.021770954132080078
1719035910.623697,-0.01716548204421997
1719035911.5371401,-0.02374887466430664
1719035912.4113095,-0.017947375774383545
1719035913.4723089,-0.02112603187561035
1719035970.0873075,-0.025279462337493896
1719035971.0223615,-0.022764891386032104
1719035971.9074519,-0.024002939462661743
1719035972.965962,-0.024313926696777344
1719035973.9778426,-0.02584630250930786
1719035977.3841941,-0.022942453622817993
1719035978.3374684,-0.022090017795562744
1719035984.1299365,-0.025703400373458862
1719035985.09118,-0.01309993863105774
1719035986.6836321,-0.00921553373336792
1719035987.8545258,-0.024861246347427368
1719035989.0614183,-0.017342984676361084
1719035990.0035758,-0.02430182695388794
1719035990.8819327,-0.02577418088912964
1719035991.8052979,-0.023979932069778442
1719035993.8555665,-0.02876526117324829
1719035994.7979429,-0.027081668376922607
1719035995.7401328,-0.027575671672821045
1719035996.6463647,-0.026648253202438354
1719036042.5553076,-0.022412419319152832
1719036043.970191,-0.02616184949874878
1719036044.9007654,-0.02556753158569336
1719036045.8130703,-0.025249123573303223
1719036048.1496863,-0.028413712978363037
1719036049.283784,-0.02738785743713379
1719036177.9436717,-0.021009624004364014
1719036178.8655155,-0.02019631862640381
1719036180.011353,-0.022359251976013184
1719036181.285044,-0.02246996760368347
1719036627.2813637,-0.023644566535949707
1719036628.355789,-0.02904433012008667
1719036629.9378157,-0.02322918176651001
1719036630.8764753,-0.022142350673675537
1719036631.7555501,-0.021455347537994385
1719036632.6601973,-0.029162108898162842
1719036633.5997841,-0.0294455885887146
1719036634.4998095,-0.028557002544403076
1719036635.3646245,-0.020447731018066406
1719036636.4848006,-0.01629883050918579
1719036637.5846336,-0.023928403854370117
1719036638.716333,-0.024515628814697266
1719036639.83708,-0.02623361349105835
1719036641.1511,-0.02188396453857422
1719036642.9962144,-0.02028602361679077
1719036643.9277866,-0.028468072414398193
1719036644.850139,-0.03241795301437378
1719036645.982286,-0.018923461437225342
1719036646.9322693,-0.016557931900024414
1719036648.0840085,-0.016774147748947144
1719036649.0028474,-0.011157810688018799
1719036650.9357386,-0.025423407554626465
1719036654.0146546,-0.019869089126586914
1719036655.137981,-0.0225982666015625
1719036656.0717776,-0.021672368049621582
1719036657.2780688,-0.020852744579315186
1719036658.2116175,-0.022137820720672607
1719036660.9566612,-0.014706254005432129
1719036661.9133575,-0.020437180995941162
1719036662.9091444,-0.013237535953521729
1719036664.0852458,-0.02193295955657959
1719036665.038768,-0.026475071907043457
1719036666.2640884,-0.0241909921169281
1719036667.4123662,-0.020926177501678467
1719036668.387072,-0.0243227481842041
1719837328.7727983,-0.014740347862243652
1719837330.038068,-0.015377163887023926
1719837331.1996944,-0.015559375286102295
1719837332.5584135,-0.013309001922607422
1719837333.4469376,-0.013970732688903809
1719837334.3268263,-0.01473855972290039
1719837335.2264965,-0.01567310094833374
1719837336.1207116,-0.015512347221374512
1719837337.3487723,-0.0248793363571167
1719837338.6200013,-0.02330082654953003
1719837339.6271384,-0.01916724443435669
1719837340.6057732,-0.015438318252563477
1719837341.734582,-0.02106088399887085
1719837342.8385906,-0.02335125207901001
1719837343.930036,-0.018243014812469482
1719837344.8926446,-0.019671261310577393
1719837345.8694615,-0.02082616090774536
1719837346.7872422,-0.018955588340759277
1719837347.7175772,-0.0020943284034729004
1719837348.6499481,-0.01951843500137329
1719837349.5548372,-0.017013728618621826
1719837350.449998,-0.01860940456390381
1719837351.3750234,-0.020952999591827393
1719837357.7243927,-0.021945148706436157
1719837358.6258643,-0.02611410617828369
1719837359.5128064,-0.023300141096115112
1719837360.4595735,-0.02054506540298462
1719837361.4012294,-0.02577739953994751
1719837362.3151987,-0.025813519954681396
1719837363.2560608,-0.026175081729888916
1719837364.251915,-0.025585293769836426
1719837365.1591563,-0.01839524507522583
1719841603.0640023,-0.02314615249633789
1719841604.573369,-0.01570799946784973
1719841605.5959227,-0.017815232276916504
1719841606.5038085,-0.01549917459487915
1719841607.4670749,-0.013527870178222656
1719841608.602129,-0.01504632830619812
1719841609.7421756,-0.016808807849884033
1719841610.6770852,-0.015159666538238525
1719841611.8397882,-0.02037978172302246
1719841613.0660014,-0.0218660831451416
1719841613.953014,-0.02147996425628662
1719841615.1832387,-0.01929989457130432
1719841616.14549,-0.017888277769088745
1719841617.6355717,-0.01834481954574585
1719841618.9916883,-0.022800981998443604
1719841619.9798052,-0.02150803804397583
1719841620.9342012,-0.021206200122833252
1719841621.89336,-0.020590364933013916
1719841623.154726,-0.02115851640701294
1719841624.3685038,-0.022432923316955566
1719841625.2977211,-0.02120932936668396
1719841626.2956097,-0.02130681276321411
1719855167.6419284,-0.017992019653320312
1719855168.585184,-0.02084451913833618
1719855170.141643,-0.014986604452133179
1719855171.2910302,-0.01943206787109375
1719857125.3598037,-0.0177001953125
1719857126.3599565,-0.01867610216140747
1719857127.3040066,-0.017654836177825928
1719857128.455874,-0.011672794818878174
1719857129.6972787,-0.018562257289886475
1719857130.6412258,-0.017676591873168945
1719857131.5632007,-0.021880805492401123
1719857132.4841762,-0.01988363265991211
1719857133.6982763,-0.022775471210479736
1719858297.1134274,-0.010011494159698486
1719858298.4113803,-0.01216268539428711
1719858299.7852948,-0.007057636976242065
1719858300.7868798,-0.011726528406143188
1719858301.8814225,-0.013983458280563354
1719858302.8300462,-0.01269550621509552
1719858303.7500029,-0.010142728686332703
1719858304.6525898,-0.010268643498420715
1719858305.5650537,-0.010923951864242554
1719858306.5940893,-0.011483147740364075
1719858307.5917401,-0.010171711444854736
1719858308.6513095,-0.01072680950164795
1719858310.2989755,-0.013384759426116943
1719858311.3606455,-0.013796955347061157
1719858312.4212244,-0.013162821531295776
1719858313.5600507,-0.014296352863311768
1719858314.6068323,-0.01411890983581543
1719858315.6466813,-0.013474702835083008
1719858316.6926181,-0.01388654112815857
1719858317.8004346,-0.015304654836654663
1719858318.8652241,-0.014437556266784668
1719858319.9625525,-0.014345169067382812
1719858320.9981337,-0.015822142362594604
1719858322.0419214,-0.014159828424453735
1719858323.1173244,-0.013896524906158447
1719858324.0855277,-0.014986008405685425
1719858325.1674733,-0.01508629322052002
1719858326.190713,-0.01345515251159668
1719858327.222807,-0.014164060354232788
1719858328.3048563,-0.013637036085128784
1719858329.2983196,-0.010175317525863647
1719858330.3207998,-0.005953013896942139
1719858331.4038858,-0.01178315281867981
1719858332.747257,-0.014147311449050903
1719858333.7012136,-0.01800188422203064
1719884145.6083279,-0.015003502368927002
1719884147.0495145,-0.013378322124481201
1719884148.1490402,-0.022434324026107788
1719884149.528923,-0.014730274677276611
1719884150.795014,-0.01535874605178833
1719884151.8363004,-0.015939801931381226
1719884152.8157878,-0.01294088363647461
1719884153.8024669,-0.014977514743804932
1719884154.9930885,-0.01870518922805786
1719884155.9580579,-0.020516276359558105
1719884156.9705966,-0.01884138584136963
1719884158.2684371,-0.009531080722808838
1719884159.26143,-0.014268815517425537
1719884160.2729995,-0.01047295331954956
1719884161.679715,-0.013718247413635254
1719884162.7769482,-0.0126819908618927
1719884163.7502346,-0.01046571135520935
1719884164.7261155,-0.009628981351852417
1719884165.7421427,-0.016317397356033325
1719884166.7896852,-0.013305306434631348
1719884167.799247,-0.012583047151565552
1719887959.568171,-0.022015154361724854
1719887960.946364,-0.025206327438354492
1719887962.7340925,-0.017155230045318604
1719887963.7083664,-0.022052645683288574
1719887964.7832735,-0.019825518131256104
1719887965.710897,-0.021288037300109863
1719887966.6868756,-0.0226975679397583
1719887967.7671058,-0.022382020950317383
1719887968.7759902,-0.006847202777862549
1719887969.9785829,-0.012900769710540771
1719887970.9965067,-0.010847806930541992
1719887972.0493245,-0.01416015625
1719887973.4586806,-0.020076453685760498
1719887974.5340748,-0.019987374544143677
1719887975.5666053,-0.021999984979629517
1719887976.6423955,-0.023194700479507446
1719887977.793808,-0.022249996662139893
1719887978.9081254,-0.02350589632987976
1719887979.8678331,-0.022792279720306396
1719888892.8074386,-0.02248665690422058
1719888960.4356625,-0.01666104793548584
1719888961.5739589,-0.012531131505966187
1719888962.645812,-0.016512364149093628
1719901503.4262686,-0.010595381259918213
1719901504.3907995,-0.008136510848999023
1719901505.465413,-0.007693350315093994
1719901506.4584706,-0.006822764873504639
1719901507.4023378,-0.006746172904968262
1719901508.3583548,-0.0070383548736572266
1719901509.344086,-0.007605016231536865
1719901510.2504635,-0.006709039211273193
1719901516.039882,-0.009628057479858398
1719901517.0128202,-0.007323861122131348
1719901518.0487645,-0.007616698741912842
1719901519.0439131,-0.004292786121368408
1719901520.0687013,-0.006792247295379639
1719901524.4600565,-0.006995141506195068
1719901525.5151446,-0.011842966079711914
1719901580.7885027,-0.010805130004882812
1719901581.7585323,-0.0082816481590271
1719901582.74514,-0.005474865436553955
1719901583.6398866,-0.008702456951141357
1719901584.6574085,-0.006547212600708008
1719901585.5908222,-0.008833885192871094
1719901586.5844576,-0.007709801197052002
1719901587.7145069,-0.007314503192901611
1719901588.6308067,-0.006626486778259277
1719901589.5745187,-0.00885772705078125
1719901590.5526092,-0.00790637731552124
1719901591.5498514,-0.007312655448913574
1719901593.0008032,-0.004611790180206299
1719901593.9750087,-0.009265482425689697
1719901595.0484555,-0.0084037184715271
1719901596.0644631,-0.009378373622894287
1719901597.0590353,-0.00863879919052124
1719901598.1344988,-0.007362782955169678
1719901599.1278534,-0.007159411907196045
1719901600.1088681,-0.0069013237953186035
1719901601.0732782,-0.007387638092041016
1719901602.0663211,-0.007923364639282227
1719901603.0214398,-0.004802703857421875
1719901604.2086475,-0.009175479412078857
1719901605.2377613,-0.007584214210510254
1719901606.4677122,-0.0066947340965271
1719901607.5083885,-0.0038028955459594727
1719901608.5142639,-0.0064043402671813965
1719901609.5341225,-0.0071967244148254395
1719901610.523418,-0.0056092143058776855
1719901611.596679,-0.012307465076446533
1719901612.6280627,-0.003226041793823242
1719901613.6844635,-0.007754981517791748
1719901614.6745064,-0.010813295841217041
1719901615.6806648,-0.007060110569000244
1719901616.7343025,-0.011626183986663818
1719901617.7200108,-0.007108151912689209
1719901618.7950106,-0.005794525146484375
1719901619.7377448,-0.0055748820304870605
1719901620.8906689,-0.01850903034210205
